[2018-04-30T15:29:04.385+0530] [] [INFO] [NCLS-GFLAUNCHER-00005] [javax.enterprise.launcher] [tid: _ThreadID=1 _ThreadName=main] [timeMillis: 1525082344385] [levelValue: 800] [[
  JVM invocation command line:
C:\Program Files\Java\jre1.8.0_161\bin\java.exe
-cp
C:/Users/RISHAV/Documents/NetBeansProjects/Applet1/glassfish5/glassfish/modules/glassfish.jar
-XX:+UnlockDiagnosticVMOptions
-XX:NewRatio=2
-XX:MaxPermSize=192m
-Xmx512m
-client
-javaagent:C:/Users/RISHAV/Documents/NetBeansProjects/Applet1/glassfish5/glassfish/lib/monitor/flashlight-agent.jar
-Djavax.xml.accessExternalSchema=all
-Djavax.net.ssl.trustStore=C:\Users\RISHAV\Documents\NetBeansProjects\Applet1\glassfish5\glassfish\domains\domain1/config/cacerts.jks
-Djdk.tls.rejectClientInitiatedRenegotiation=true
-Djdk.corba.allowOutputStreamSubclass=true
-Dfelix.fileinstall.dir=C:\Users\RISHAV\Documents\NetBeansProjects\Applet1\glassfish5\glassfish/modules/autostart/
-Dorg.glassfish.additionalOSGiBundlesToStart=org.apache.felix.shell,org.apache.felix.gogo.runtime,org.apache.felix.gogo.shell,org.apache.felix.gogo.command,org.apache.felix.shell.remote,org.apache.felix.fileinstall
-Dcom.sun.aas.installRoot=C:\Users\RISHAV\Documents\NetBeansProjects\Applet1\glassfish5\glassfish
-Dfelix.fileinstall.poll=5000
-Djava.endorsed.dirs=C:\Users\RISHAV\Documents\NetBeansProjects\Applet1\glassfish5\glassfish/modules/endorsed;C:\Users\RISHAV\Documents\NetBeansProjects\Applet1\glassfish5\glassfish/lib/endorsed
-Djava.security.policy=C:\Users\RISHAV\Documents\NetBeansProjects\Applet1\glassfish5\glassfish\domains\domain1/config/server.policy
-Dosgi.shell.telnet.maxconn=1
-Dfelix.fileinstall.bundles.startTransient=true
-Dcom.sun.enterprise.config.config_environment_factory_class=com.sun.enterprise.config.serverbeans.AppserverConfigEnvironmentFactory
-Dfelix.fileinstall.log.level=2
-Djavax.net.ssl.keyStore=C:\Users\RISHAV\Documents\NetBeansProjects\Applet1\glassfish5\glassfish\domains\domain1/config/keystore.jks
-Djava.security.auth.login.config=C:\Users\RISHAV\Documents\NetBeansProjects\Applet1\glassfish5\glassfish\domains\domain1/config/login.conf
-Dfelix.fileinstall.disableConfigSave=false
-Dfelix.fileinstall.bundles.new.start=true
-Dcom.sun.aas.instanceRoot=C:\Users\RISHAV\Documents\NetBeansProjects\Applet1\glassfish5\glassfish\domains\domain1
-Dosgi.shell.telnet.port=6666
-Dgosh.args=--nointeractive
-Dcom.sun.enterprise.security.httpsOutboundKeyAlias=s1as
-Dosgi.shell.telnet.ip=127.0.0.1
-DANTLR_USE_DIRECT_CLASS_LOADING=true
-Djava.awt.headless=true
-Dcom.ctc.wstx.returnNullForDefaultNamespace=true
-Djava.ext.dirs=C:\Program Files\Java\jre1.8.0_161/lib/ext;C:\Program Files\Java\jre1.8.0_161/jre/lib/ext;C:\Users\RISHAV\Documents\NetBeansProjects\Applet1\glassfish5\glassfish\domains\domain1/lib/ext
-Djdbc.drivers=org.apache.derby.jdbc.ClientDriver
-Djava.library.path=C:/Users/RISHAV/Documents/NetBeansProjects/Applet1/glassfish5/glassfish/lib;C:/ProgramData/Oracle/Java/javapath;C:/Windows/Sun/Java/bin;C:/Windows/System32;C:/Windows;C:/Program Files (x86)/IntelSWTools/compilers_and_libraries_2018.0.124/windows/mpi/intel64/bin;C:/Program Files (x86)/Common Files/Intel/Shared Libraries/redist/intel64_win/mpirt;C:/Program Files (x86)/Common Files/Intel/Shared Libraries/redist/ia32_win/mpirt;C:/Program Files (x86)/Common Files/Intel/Shared Libraries/redist/intel64_win/compiler;C:/Program Files (x86)/Common Files/Intel/Shared Libraries/redist/ia32_win/compiler;C:/Program Files (x86)/Intel/iCLS Client;C:/Program Files/Intel/iCLS Client;C:/Windows/System32/wbem;C:/Windows/System32/WindowsPowerShell/v1.0;C:/Program Files (x86)/Intel/Intel(R) Management Engine Components/DAL;C:/Program Files/Intel/Intel(R) Management Engine Components/DAL;C:/Program Files (x86)/Intel/Intel(R) Management Engine Components/IPT;C:/Program Files/Intel/Intel(R) Management Engine Components/IPT;C:/Program Files (x86)/NVIDIA Corporation/PhysX/Common;C:/Program Files/Intel/WiFi/bin;C:/Program Files/Common Files/Intel/WirelessCommon;C:/Program Files/MATLAB/R2016a/runtime/win64;C:/Program Files/MATLAB/R2016a/bin;C:/Program Files/MATLAB/R2016a/polyspace/bin;C:/Program Files (x86)/GtkSharp/2.12/bin;C:/Program Files/Git/cmd;C:/Program Files/nodejs;C:/Program Files/PuTTY;C:/Program Files/MySQL/MySQL Utilities 1.6;C:/Users/RISHAV/AppData/Local/Microsoft/WindowsApps;C:/Users/RISHAV/AppData/Local/GitHubDesktop/bin;C:/Users/RISHAV/AppData/Roaming/npm;C:/Users/RISHAV/Documents/NetBeansProjects/Applet1/glassfish5/glassfish/bin/%USERPROFILE%/AppData/Local/Microsoft/WindowsApps;C:/Users/RISHAV/Documents/NetBeansProjects/Applet1/glassfish5/glassfish/bin
com.sun.enterprise.glassfish.bootstrap.ASMain
-upgrade
false
-domaindir
C:/Users/RISHAV/Documents/NetBeansProjects/Applet1/glassfish5/glassfish/domains/domain1
-read-stdin
true
-asadmin-args
--host,,,localhost,,,--port,,,4848,,,--secure=false,,,--terse=false,,,--echo=false,,,--interactive=true,,,start-domain,,,--verbose=false,,,--watchdog=false,,,--debug=false,,,--domaindir,,,C:\Users\RISHAV\Documents\NetBeansProjects\Applet1\glassfish5\glassfish\domains,,,domain1
-domainname
domain1
-instancename
server
-type
DAS
-verbose
false
-asadmin-classpath
C:/Users/RISHAV/Documents/NetBeansProjects/Applet1/glassfish5/glassfish/lib/client/appserver-cli.jar
-debug
false
-asadmin-classname
com.sun.enterprise.admin.cli.AdminMain]]

[2018-04-30T15:29:37.891+0530] [glassfish 5.0] [INFO] [NCLS-LOGGING-00009] [javax.enterprise.logging] [tid: _ThreadID=19 _ThreadName=RunLevelControllerThread-1525082377464] [timeMillis: 1525082377891] [levelValue: 800] [[
  Running GlassFish Version: GlassFish Server Open Source Edition  5.0  (build 25)]]

[2018-04-30T15:29:37.893+0530] [glassfish 5.0] [INFO] [NCLS-LOGGING-00010] [javax.enterprise.logging] [tid: _ThreadID=19 _ThreadName=RunLevelControllerThread-1525082377464] [timeMillis: 1525082377893] [levelValue: 800] [[
  Server log file is using Formatter class: com.sun.enterprise.server.logging.ODLLogFormatter]]

[2018-04-30T15:29:38.006+0530] [glassfish 5.0] [INFO] [NCLS-SECURITY-01115] [javax.enterprise.system.core.security] [tid: _ThreadID=21 _ThreadName=RunLevelControllerThread-1525082377473] [timeMillis: 1525082378006] [levelValue: 800] [[
  Realm [admin-realm] of classtype [com.sun.enterprise.security.auth.realm.file.FileRealm] successfully created.]]

[2018-04-30T15:29:38.024+0530] [glassfish 5.0] [INFO] [NCLS-SECURITY-01115] [javax.enterprise.system.core.security] [tid: _ThreadID=21 _ThreadName=RunLevelControllerThread-1525082377473] [timeMillis: 1525082378024] [levelValue: 800] [[
  Realm [file] of classtype [com.sun.enterprise.security.auth.realm.file.FileRealm] successfully created.]]

[2018-04-30T15:29:38.028+0530] [glassfish 5.0] [INFO] [NCLS-SECURITY-01115] [javax.enterprise.system.core.security] [tid: _ThreadID=21 _ThreadName=RunLevelControllerThread-1525082377473] [timeMillis: 1525082378028] [levelValue: 800] [[
  Realm [certificate] of classtype [com.sun.enterprise.security.auth.realm.certificate.CertificateRealm] successfully created.]]

[2018-04-30T15:29:38.136+0530] [glassfish 5.0] [INFO] [] [org.hibernate.validator.internal.util.Version] [tid: _ThreadID=18 _ThreadName=RunLevelControllerThread-1525082377461] [timeMillis: 1525082378136] [levelValue: 800] [[
  HV000001: Hibernate Validator 6.0.2.Final]]

[2018-04-30T15:29:38.162+0530] [glassfish 5.0] [INFO] [SEC-SVCS-00100] [javax.enterprise.security.services] [tid: _ThreadID=20 _ThreadName=RunLevelControllerThread-1525082377473] [timeMillis: 1525082378162] [levelValue: 800] [[
  Authorization Service has successfully initialized.]]

[2018-04-30T15:29:38.612+0530] [glassfish 5.0] [INFO] [NCLS-CORE-00087] [javax.enterprise.system.core] [tid: _ThreadID=21 _ThreadName=RunLevelControllerThread-1525082377473] [timeMillis: 1525082378612] [levelValue: 800] [[
  Grizzly Framework 2.4.1 started in: 60ms - bound to [/0.0.0.0:8181]]]

[2018-04-30T15:29:38.619+0530] [glassfish 5.0] [INFO] [NCLS-CORE-00087] [javax.enterprise.system.core] [tid: _ThreadID=21 _ThreadName=RunLevelControllerThread-1525082377473] [timeMillis: 1525082378619] [levelValue: 800] [[
  Grizzly Framework 2.4.1 started in: 1ms - bound to [/0.0.0.0:4848]]]

[2018-04-30T15:29:38.726+0530] [glassfish 5.0] [INFO] [] [org.glassfish.ha.store.spi.BackingStoreFactoryRegistry] [tid: _ThreadID=21 _ThreadName=RunLevelControllerThread-1525082377473] [timeMillis: 1525082378726] [levelValue: 800] [[
  Registered org.glassfish.ha.store.adapter.cache.ShoalBackingStoreProxy for persistence-type = replicated in BackingStoreFactoryRegistry]]

[2018-04-30T15:29:38.737+0530] [glassfish 5.0] [INFO] [NCLS-CORE-00087] [javax.enterprise.system.core] [tid: _ThreadID=21 _ThreadName=RunLevelControllerThread-1525082377473] [timeMillis: 1525082378737] [levelValue: 800] [[
  Grizzly Framework 2.4.1 started in: 2ms - bound to [/0.0.0.0:3700]]]

[2018-04-30T15:29:39.280+0530] [glassfish 5.0] [INFO] [NCLS-CORE-00017] [javax.enterprise.system.core] [tid: _ThreadID=1 _ThreadName=main] [timeMillis: 1525082379280] [levelValue: 800] [[
  GlassFish Server Open Source Edition  5.0  (25) startup time : Felix (32,455ms), startup services(1,827ms), total(34,282ms)]]

[2018-04-30T15:29:39.280+0530] [glassfish 5.0] [SEVERE] [NCLS-CORE-00019] [javax.enterprise.system.core] [tid: _ThreadID=1 _ThreadName=main] [timeMillis: 1525082379280] [levelValue: 1000] [[
  Shutting down server due to startup exception
java.net.BindException: Address already in use: bind
	at sun.nio.ch.Net.bind0(Native Method)
	at sun.nio.ch.Net.bind(Unknown Source)
	at sun.nio.ch.Net.bind(Unknown Source)
	at sun.nio.ch.ServerSocketChannelImpl.bind(Unknown Source)
	at sun.nio.ch.ServerSocketAdaptor.bind(Unknown Source)
	at org.glassfish.grizzly.nio.transport.TCPNIOBindingHandler.bindToChannelAndAddress(TCPNIOBindingHandler.java:131)
	at org.glassfish.grizzly.nio.transport.TCPNIOBindingHandler.bind(TCPNIOBindingHandler.java:88)
	at org.glassfish.grizzly.nio.transport.TCPNIOTransport.bind(TCPNIOTransport.java:239)
	at org.glassfish.grizzly.nio.transport.TCPNIOTransport.bind(TCPNIOTransport.java:228)
	at org.glassfish.grizzly.nio.transport.TCPNIOTransport.bind(TCPNIOTransport.java:77)
	at org.glassfish.grizzly.config.GenericGrizzlyListener.start(GenericGrizzlyListener.java:186)
	at com.sun.enterprise.v3.services.impl.GlassfishNetworkListener.start(GlassfishNetworkListener.java:108)
	at com.sun.enterprise.v3.services.impl.GrizzlyProxy.start0(GrizzlyProxy.java:267)
	at com.sun.enterprise.v3.services.impl.GrizzlyProxy.start(GrizzlyProxy.java:241)
	at com.sun.enterprise.v3.services.impl.GrizzlyService.createNetworkProxy(GrizzlyService.java:619)
	at com.sun.enterprise.v3.services.impl.GrizzlyService.postConstruct(GrizzlyService.java:542)
	at org.jvnet.hk2.internal.ClazzCreator.postConstructMe(ClazzCreator.java:327)
	at org.jvnet.hk2.internal.ClazzCreator.create(ClazzCreator.java:375)
	at org.jvnet.hk2.internal.SystemDescriptor.create(SystemDescriptor.java:487)
	at org.glassfish.hk2.runlevel.internal.AsyncRunLevelContext.findOrCreate(AsyncRunLevelContext.java:305)
	at org.glassfish.hk2.runlevel.RunLevelContext.findOrCreate(RunLevelContext.java:85)
	at org.jvnet.hk2.internal.Utilities.createService(Utilities.java:2126)
	at org.jvnet.hk2.internal.ServiceHandleImpl.getService(ServiceHandleImpl.java:116)
	at org.jvnet.hk2.internal.ServiceHandleImpl.getService(ServiceHandleImpl.java:90)
	at org.glassfish.hk2.runlevel.internal.CurrentTaskFuture$QueueRunner.oneJob(CurrentTaskFuture.java:1237)
	at org.glassfish.hk2.runlevel.internal.CurrentTaskFuture$QueueRunner.run(CurrentTaskFuture.java:1168)
	at org.glassfish.hk2.runlevel.internal.CurrentTaskFuture$UpOneLevel.run(CurrentTaskFuture.java:786)
	at java.util.concurrent.ThreadPoolExecutor.runWorker(Unknown Source)
	at java.util.concurrent.ThreadPoolExecutor$Worker.run(Unknown Source)
	at java.lang.Thread.run(Unknown Source)
]]

[2018-04-30T15:29:39.365+0530] [glassfish 5.0] [INFO] [NCLS-CORE-00092] [javax.enterprise.system.core] [tid: _ThreadID=63 _ThreadName=Thread-11] [timeMillis: 1525082379365] [levelValue: 800] [[
  Server shutdown initiated]]

[2018-04-30T15:29:39.367+0530] [glassfish 5.0] [INFO] [NCLS-BOOTSTRAP-00027] [javax.enterprise.bootstrap] [tid: _ThreadID=1 _ThreadName=main] [timeMillis: 1525082379367] [levelValue: 800] [[
  Registered com.sun.enterprise.glassfish.bootstrap.osgi.EmbeddedOSGiGlassFishImpl@39666e42 as OSGi service registration: org.apache.felix.framework.ServiceRegistrationImpl@2839e3c8.]]

[2018-04-30T15:29:40.373+0530] [glassfish 5.0] [INFO] [NCLS-BOOTSTRAP-00028] [javax.enterprise.bootstrap] [tid: _ThreadID=63 _ThreadName=Thread-11] [timeMillis: 1525082380373] [levelValue: 800] [[
  Unregistered com.sun.enterprise.glassfish.bootstrap.osgi.EmbeddedOSGiGlassFishImpl@39666e42 from service registry.]]

[2018-04-30T15:29:40.374+0530] [glassfish 5.0] [INFO] [] [] [tid: _ThreadID=63 _ThreadName=Thread-8] [timeMillis: 1525082380374] [levelValue: 800] [[
  FileMonitoring shutdown]]

[2018-04-30T15:29:55.317+0530] [] [INFO] [NCLS-GFLAUNCHER-00005] [javax.enterprise.launcher] [tid: _ThreadID=1 _ThreadName=main] [timeMillis: 1525082395317] [levelValue: 800] [[
  JVM invocation command line:
C:\Program Files\Java\jre1.8.0_161\bin\java.exe
-cp
C:/Users/RISHAV/Documents/NetBeansProjects/Applet1/glassfish5/glassfish/modules/glassfish.jar
-XX:+UnlockDiagnosticVMOptions
-XX:NewRatio=2
-XX:MaxPermSize=192m
-Xmx512m
-client
-javaagent:C:/Users/RISHAV/Documents/NetBeansProjects/Applet1/glassfish5/glassfish/lib/monitor/flashlight-agent.jar
-Djavax.xml.accessExternalSchema=all
-Djavax.net.ssl.trustStore=C:\Users\RISHAV\Documents\NetBeansProjects\Applet1\glassfish5\glassfish\domains\domain1/config/cacerts.jks
-Djdk.tls.rejectClientInitiatedRenegotiation=true
-Djdk.corba.allowOutputStreamSubclass=true
-Dfelix.fileinstall.dir=C:\Users\RISHAV\Documents\NetBeansProjects\Applet1\glassfish5\glassfish/modules/autostart/
-Dorg.glassfish.additionalOSGiBundlesToStart=org.apache.felix.shell,org.apache.felix.gogo.runtime,org.apache.felix.gogo.shell,org.apache.felix.gogo.command,org.apache.felix.shell.remote,org.apache.felix.fileinstall
-Dcom.sun.aas.installRoot=C:\Users\RISHAV\Documents\NetBeansProjects\Applet1\glassfish5\glassfish
-Dfelix.fileinstall.poll=5000
-Djava.endorsed.dirs=C:\Users\RISHAV\Documents\NetBeansProjects\Applet1\glassfish5\glassfish/modules/endorsed;C:\Users\RISHAV\Documents\NetBeansProjects\Applet1\glassfish5\glassfish/lib/endorsed
-Djava.security.policy=C:\Users\RISHAV\Documents\NetBeansProjects\Applet1\glassfish5\glassfish\domains\domain1/config/server.policy
-Dosgi.shell.telnet.maxconn=1
-Dfelix.fileinstall.bundles.startTransient=true
-Dcom.sun.enterprise.config.config_environment_factory_class=com.sun.enterprise.config.serverbeans.AppserverConfigEnvironmentFactory
-Dfelix.fileinstall.log.level=2
-Djavax.net.ssl.keyStore=C:\Users\RISHAV\Documents\NetBeansProjects\Applet1\glassfish5\glassfish\domains\domain1/config/keystore.jks
-Djava.security.auth.login.config=C:\Users\RISHAV\Documents\NetBeansProjects\Applet1\glassfish5\glassfish\domains\domain1/config/login.conf
-Dfelix.fileinstall.disableConfigSave=false
-Dfelix.fileinstall.bundles.new.start=true
-Dcom.sun.aas.instanceRoot=C:\Users\RISHAV\Documents\NetBeansProjects\Applet1\glassfish5\glassfish\domains\domain1
-Dosgi.shell.telnet.port=6666
-Dgosh.args=--nointeractive
-Dcom.sun.enterprise.security.httpsOutboundKeyAlias=s1as
-Dosgi.shell.telnet.ip=127.0.0.1
-DANTLR_USE_DIRECT_CLASS_LOADING=true
-Djava.awt.headless=true
-Dcom.ctc.wstx.returnNullForDefaultNamespace=true
-Djava.ext.dirs=C:\Program Files\Java\jre1.8.0_161/lib/ext;C:\Program Files\Java\jre1.8.0_161/jre/lib/ext;C:\Users\RISHAV\Documents\NetBeansProjects\Applet1\glassfish5\glassfish\domains\domain1/lib/ext
-Djdbc.drivers=org.apache.derby.jdbc.ClientDriver
-Djava.library.path=C:/Users/RISHAV/Documents/NetBeansProjects/Applet1/glassfish5/glassfish/lib;C:/ProgramData/Oracle/Java/javapath;C:/Windows/Sun/Java/bin;C:/Windows/System32;C:/Windows;C:/Program Files (x86)/IntelSWTools/compilers_and_libraries_2018.0.124/windows/mpi/intel64/bin;C:/Program Files (x86)/Common Files/Intel/Shared Libraries/redist/intel64_win/mpirt;C:/Program Files (x86)/Common Files/Intel/Shared Libraries/redist/ia32_win/mpirt;C:/Program Files (x86)/Common Files/Intel/Shared Libraries/redist/intel64_win/compiler;C:/Program Files (x86)/Common Files/Intel/Shared Libraries/redist/ia32_win/compiler;C:/Program Files (x86)/Intel/iCLS Client;C:/Program Files/Intel/iCLS Client;C:/Windows/System32/wbem;C:/Windows/System32/WindowsPowerShell/v1.0;C:/Program Files (x86)/Intel/Intel(R) Management Engine Components/DAL;C:/Program Files/Intel/Intel(R) Management Engine Components/DAL;C:/Program Files (x86)/Intel/Intel(R) Management Engine Components/IPT;C:/Program Files/Intel/Intel(R) Management Engine Components/IPT;C:/Program Files (x86)/NVIDIA Corporation/PhysX/Common;C:/Program Files/Intel/WiFi/bin;C:/Program Files/Common Files/Intel/WirelessCommon;C:/Program Files/MATLAB/R2016a/runtime/win64;C:/Program Files/MATLAB/R2016a/bin;C:/Program Files/MATLAB/R2016a/polyspace/bin;C:/Program Files (x86)/GtkSharp/2.12/bin;C:/Program Files/Git/cmd;C:/Program Files/nodejs;C:/Program Files/PuTTY;C:/Program Files/MySQL/MySQL Utilities 1.6;C:/Users/RISHAV/AppData/Local/Microsoft/WindowsApps;C:/Users/RISHAV/AppData/Local/GitHubDesktop/bin;C:/Users/RISHAV/AppData/Roaming/npm;C:/Users/RISHAV/Documents/NetBeansProjects/Applet1/glassfish5/glassfish/bin/%USERPROFILE%/AppData/Local/Microsoft/WindowsApps;C:/Users/RISHAV/Documents/NetBeansProjects/Applet1/glassfish5/glassfish/bin
com.sun.enterprise.glassfish.bootstrap.ASMain
-upgrade
false
-domaindir
C:/Users/RISHAV/Documents/NetBeansProjects/Applet1/glassfish5/glassfish/domains/domain1
-read-stdin
true
-asadmin-args
--host,,,localhost,,,--port,,,4848,,,--secure=false,,,--terse=false,,,--echo=false,,,--interactive=true,,,start-domain,,,--verbose=false,,,--watchdog=false,,,--debug=false,,,--domaindir,,,C:\Users\RISHAV\Documents\NetBeansProjects\Applet1\glassfish5\glassfish\domains,,,domain1
-domainname
domain1
-instancename
server
-type
DAS
-verbose
false
-asadmin-classpath
C:/Users/RISHAV/Documents/NetBeansProjects/Applet1/glassfish5/glassfish/lib/client/appserver-cli.jar
-debug
false
-asadmin-classname
com.sun.enterprise.admin.cli.AdminMain]]

[2018-04-30T15:29:58.438+0530] [glassfish 5.0] [INFO] [NCLS-LOGGING-00009] [javax.enterprise.logging] [tid: _ThreadID=18 _ThreadName=RunLevelControllerThread-1525082398275] [timeMillis: 1525082398438] [levelValue: 800] [[
  Running GlassFish Version: GlassFish Server Open Source Edition  5.0  (build 25)]]

[2018-04-30T15:29:58.440+0530] [glassfish 5.0] [INFO] [NCLS-LOGGING-00010] [javax.enterprise.logging] [tid: _ThreadID=18 _ThreadName=RunLevelControllerThread-1525082398275] [timeMillis: 1525082398440] [levelValue: 800] [[
  Server log file is using Formatter class: com.sun.enterprise.server.logging.ODLLogFormatter]]

[2018-04-30T15:29:58.536+0530] [glassfish 5.0] [INFO] [NCLS-SECURITY-01115] [javax.enterprise.system.core.security] [tid: _ThreadID=19 _ThreadName=RunLevelControllerThread-1525082398281] [timeMillis: 1525082398536] [levelValue: 800] [[
  Realm [admin-realm] of classtype [com.sun.enterprise.security.auth.realm.file.FileRealm] successfully created.]]

[2018-04-30T15:29:58.547+0530] [glassfish 5.0] [INFO] [NCLS-SECURITY-01115] [javax.enterprise.system.core.security] [tid: _ThreadID=19 _ThreadName=RunLevelControllerThread-1525082398281] [timeMillis: 1525082398547] [levelValue: 800] [[
  Realm [file] of classtype [com.sun.enterprise.security.auth.realm.file.FileRealm] successfully created.]]

[2018-04-30T15:29:58.550+0530] [glassfish 5.0] [INFO] [NCLS-SECURITY-01115] [javax.enterprise.system.core.security] [tid: _ThreadID=19 _ThreadName=RunLevelControllerThread-1525082398281] [timeMillis: 1525082398550] [levelValue: 800] [[
  Realm [certificate] of classtype [com.sun.enterprise.security.auth.realm.certificate.CertificateRealm] successfully created.]]

[2018-04-30T15:29:58.659+0530] [glassfish 5.0] [INFO] [] [org.hibernate.validator.internal.util.Version] [tid: _ThreadID=18 _ThreadName=RunLevelControllerThread-1525082398275] [timeMillis: 1525082398659] [levelValue: 800] [[
  HV000001: Hibernate Validator 6.0.2.Final]]

[2018-04-30T15:29:58.676+0530] [glassfish 5.0] [INFO] [SEC-SVCS-00100] [javax.enterprise.security.services] [tid: _ThreadID=20 _ThreadName=RunLevelControllerThread-1525082398281] [timeMillis: 1525082398676] [levelValue: 800] [[
  Authorization Service has successfully initialized.]]

[2018-04-30T15:29:58.847+0530] [glassfish 5.0] [INFO] [] [org.glassfish.ha.store.spi.BackingStoreFactoryRegistry] [tid: _ThreadID=17 _ThreadName=RunLevelControllerThread-1525082398272] [timeMillis: 1525082398847] [levelValue: 800] [[
  Registered org.glassfish.ha.store.adapter.cache.ShoalBackingStoreProxy for persistence-type = replicated in BackingStoreFactoryRegistry]]

[2018-04-30T15:29:58.991+0530] [glassfish 5.0] [INFO] [NCLS-CORE-00087] [javax.enterprise.system.core] [tid: _ThreadID=19 _ThreadName=RunLevelControllerThread-1525082398281] [timeMillis: 1525082398991] [levelValue: 800] [[
  Grizzly Framework 2.4.1 started in: 27ms - bound to [/0.0.0.0:8181]]]

[2018-04-30T15:29:58.999+0530] [glassfish 5.0] [INFO] [NCLS-CORE-00087] [javax.enterprise.system.core] [tid: _ThreadID=19 _ThreadName=RunLevelControllerThread-1525082398281] [timeMillis: 1525082398999] [levelValue: 800] [[
  Grizzly Framework 2.4.1 started in: 2ms - bound to [/0.0.0.0:4848]]]

[2018-04-30T15:29:59.045+0530] [glassfish 5.0] [INFO] [NCLS-CORE-00087] [javax.enterprise.system.core] [tid: _ThreadID=17 _ThreadName=RunLevelControllerThread-1525082398272] [timeMillis: 1525082399045] [levelValue: 800] [[
  Grizzly Framework 2.4.1 started in: 1ms - bound to [/0.0.0.0:3700]]]

[2018-04-30T15:29:59.228+0530] [glassfish 5.0] [INFO] [NCLS-CORE-00017] [javax.enterprise.system.core] [tid: _ThreadID=1 _ThreadName=main] [timeMillis: 1525082399228] [levelValue: 800] [[
  GlassFish Server Open Source Edition  5.0  (25) startup time : Felix (2,701ms), startup services(965ms), total(3,666ms)]]

[2018-04-30T15:29:59.229+0530] [glassfish 5.0] [SEVERE] [NCLS-CORE-00019] [javax.enterprise.system.core] [tid: _ThreadID=1 _ThreadName=main] [timeMillis: 1525082399229] [levelValue: 1000] [[
  Shutting down server due to startup exception
java.net.BindException: Address already in use: bind
	at sun.nio.ch.Net.bind0(Native Method)
	at sun.nio.ch.Net.bind(Unknown Source)
	at sun.nio.ch.Net.bind(Unknown Source)
	at sun.nio.ch.ServerSocketChannelImpl.bind(Unknown Source)
	at sun.nio.ch.ServerSocketAdaptor.bind(Unknown Source)
	at org.glassfish.grizzly.nio.transport.TCPNIOBindingHandler.bindToChannelAndAddress(TCPNIOBindingHandler.java:131)
	at org.glassfish.grizzly.nio.transport.TCPNIOBindingHandler.bind(TCPNIOBindingHandler.java:88)
	at org.glassfish.grizzly.nio.transport.TCPNIOTransport.bind(TCPNIOTransport.java:239)
	at org.glassfish.grizzly.nio.transport.TCPNIOTransport.bind(TCPNIOTransport.java:228)
	at org.glassfish.grizzly.nio.transport.TCPNIOTransport.bind(TCPNIOTransport.java:77)
	at org.glassfish.grizzly.config.GenericGrizzlyListener.start(GenericGrizzlyListener.java:186)
	at com.sun.enterprise.v3.services.impl.GlassfishNetworkListener.start(GlassfishNetworkListener.java:108)
	at com.sun.enterprise.v3.services.impl.GrizzlyProxy.start0(GrizzlyProxy.java:267)
	at com.sun.enterprise.v3.services.impl.GrizzlyProxy.start(GrizzlyProxy.java:241)
	at com.sun.enterprise.v3.services.impl.GrizzlyService.createNetworkProxy(GrizzlyService.java:619)
	at com.sun.enterprise.v3.services.impl.GrizzlyService.postConstruct(GrizzlyService.java:542)
	at org.jvnet.hk2.internal.ClazzCreator.postConstructMe(ClazzCreator.java:327)
	at org.jvnet.hk2.internal.ClazzCreator.create(ClazzCreator.java:375)
	at org.jvnet.hk2.internal.SystemDescriptor.create(SystemDescriptor.java:487)
	at org.glassfish.hk2.runlevel.internal.AsyncRunLevelContext.findOrCreate(AsyncRunLevelContext.java:305)
	at org.glassfish.hk2.runlevel.RunLevelContext.findOrCreate(RunLevelContext.java:85)
	at org.jvnet.hk2.internal.Utilities.createService(Utilities.java:2126)
	at org.jvnet.hk2.internal.ServiceHandleImpl.getService(ServiceHandleImpl.java:116)
	at org.jvnet.hk2.internal.ServiceHandleImpl.getService(ServiceHandleImpl.java:90)
	at org.glassfish.hk2.runlevel.internal.CurrentTaskFuture$QueueRunner.oneJob(CurrentTaskFuture.java:1237)
	at org.glassfish.hk2.runlevel.internal.CurrentTaskFuture$QueueRunner.run(CurrentTaskFuture.java:1168)
	at org.glassfish.hk2.runlevel.internal.CurrentTaskFuture$UpOneLevel.run(CurrentTaskFuture.java:786)
	at java.util.concurrent.ThreadPoolExecutor.runWorker(Unknown Source)
	at java.util.concurrent.ThreadPoolExecutor$Worker.run(Unknown Source)
	at java.lang.Thread.run(Unknown Source)
]]

[2018-04-30T15:29:59.283+0530] [glassfish 5.0] [INFO] [NCLS-CORE-00092] [javax.enterprise.system.core] [tid: _ThreadID=58 _ThreadName=Thread-11] [timeMillis: 1525082399283] [levelValue: 800] [[
  Server shutdown initiated]]

[2018-04-30T15:29:59.285+0530] [glassfish 5.0] [INFO] [NCLS-BOOTSTRAP-00027] [javax.enterprise.bootstrap] [tid: _ThreadID=1 _ThreadName=main] [timeMillis: 1525082399285] [levelValue: 800] [[
  Registered com.sun.enterprise.glassfish.bootstrap.osgi.EmbeddedOSGiGlassFishImpl@610df783 as OSGi service registration: org.apache.felix.framework.ServiceRegistrationImpl@62b969c4.]]

[2018-04-30T15:30:00.287+0530] [glassfish 5.0] [INFO] [NCLS-BOOTSTRAP-00028] [javax.enterprise.bootstrap] [tid: _ThreadID=58 _ThreadName=Thread-11] [timeMillis: 1525082400287] [levelValue: 800] [[
  Unregistered com.sun.enterprise.glassfish.bootstrap.osgi.EmbeddedOSGiGlassFishImpl@610df783 from service registry.]]

[2018-04-30T15:30:00.291+0530] [glassfish 5.0] [INFO] [] [] [tid: _ThreadID=58 _ThreadName=Thread-8] [timeMillis: 1525082400291] [levelValue: 800] [[
  FileMonitoring shutdown]]

[2018-04-30T15:32:41.613+0530] [] [INFO] [NCLS-GFLAUNCHER-00005] [javax.enterprise.launcher] [tid: _ThreadID=1 _ThreadName=main] [timeMillis: 1525082561613] [levelValue: 800] [[
  JVM invocation command line:
C:\Program Files\Java\jre1.8.0_161\bin\java.exe
-cp
C:/Users/RISHAV/Documents/NetBeansProjects/Applet1/glassfish5/glassfish/modules/glassfish.jar
-XX:+UnlockDiagnosticVMOptions
-XX:NewRatio=2
-XX:MaxPermSize=192m
-Xmx512m
-client
-javaagent:C:/Users/RISHAV/Documents/NetBeansProjects/Applet1/glassfish5/glassfish/lib/monitor/flashlight-agent.jar
-Djavax.xml.accessExternalSchema=all
-Djavax.net.ssl.trustStore=C:\Users\RISHAV\Documents\NetBeansProjects\Applet1\glassfish5\glassfish\domains\domain1/config/cacerts.jks
-Djdk.tls.rejectClientInitiatedRenegotiation=true
-Djdk.corba.allowOutputStreamSubclass=true
-Dfelix.fileinstall.dir=C:\Users\RISHAV\Documents\NetBeansProjects\Applet1\glassfish5\glassfish/modules/autostart/
-Dorg.glassfish.additionalOSGiBundlesToStart=org.apache.felix.shell,org.apache.felix.gogo.runtime,org.apache.felix.gogo.shell,org.apache.felix.gogo.command,org.apache.felix.shell.remote,org.apache.felix.fileinstall
-Dcom.sun.aas.installRoot=C:\Users\RISHAV\Documents\NetBeansProjects\Applet1\glassfish5\glassfish
-Dfelix.fileinstall.poll=5000
-Djava.endorsed.dirs=C:\Users\RISHAV\Documents\NetBeansProjects\Applet1\glassfish5\glassfish/modules/endorsed;C:\Users\RISHAV\Documents\NetBeansProjects\Applet1\glassfish5\glassfish/lib/endorsed
-Djava.security.policy=C:\Users\RISHAV\Documents\NetBeansProjects\Applet1\glassfish5\glassfish\domains\domain1/config/server.policy
-Dosgi.shell.telnet.maxconn=1
-Dfelix.fileinstall.bundles.startTransient=true
-Dcom.sun.enterprise.config.config_environment_factory_class=com.sun.enterprise.config.serverbeans.AppserverConfigEnvironmentFactory
-Dfelix.fileinstall.log.level=2
-Djavax.net.ssl.keyStore=C:\Users\RISHAV\Documents\NetBeansProjects\Applet1\glassfish5\glassfish\domains\domain1/config/keystore.jks
-Djava.security.auth.login.config=C:\Users\RISHAV\Documents\NetBeansProjects\Applet1\glassfish5\glassfish\domains\domain1/config/login.conf
-Dfelix.fileinstall.disableConfigSave=false
-Dfelix.fileinstall.bundles.new.start=true
-Dcom.sun.aas.instanceRoot=C:\Users\RISHAV\Documents\NetBeansProjects\Applet1\glassfish5\glassfish\domains\domain1
-Dosgi.shell.telnet.port=6666
-Dgosh.args=--nointeractive
-Dcom.sun.enterprise.security.httpsOutboundKeyAlias=s1as
-Dosgi.shell.telnet.ip=127.0.0.1
-DANTLR_USE_DIRECT_CLASS_LOADING=true
-Djava.awt.headless=true
-Dcom.ctc.wstx.returnNullForDefaultNamespace=true
-Djava.ext.dirs=C:\Program Files\Java\jre1.8.0_161/lib/ext;C:\Program Files\Java\jre1.8.0_161/jre/lib/ext;C:\Users\RISHAV\Documents\NetBeansProjects\Applet1\glassfish5\glassfish\domains\domain1/lib/ext
-Djdbc.drivers=org.apache.derby.jdbc.ClientDriver
-Djava.library.path=C:/Users/RISHAV/Documents/NetBeansProjects/Applet1/glassfish5/glassfish/lib;C:/ProgramData/Oracle/Java/javapath;C:/Windows/Sun/Java/bin;C:/Windows/System32;C:/Windows;C:/Program Files (x86)/IntelSWTools/compilers_and_libraries_2018.0.124/windows/mpi/intel64/bin;C:/Program Files (x86)/Common Files/Intel/Shared Libraries/redist/intel64_win/mpirt;C:/Program Files (x86)/Common Files/Intel/Shared Libraries/redist/ia32_win/mpirt;C:/Program Files (x86)/Common Files/Intel/Shared Libraries/redist/intel64_win/compiler;C:/Program Files (x86)/Common Files/Intel/Shared Libraries/redist/ia32_win/compiler;C:/Program Files (x86)/Intel/iCLS Client;C:/Program Files/Intel/iCLS Client;C:/Windows/System32/wbem;C:/Windows/System32/WindowsPowerShell/v1.0;C:/Program Files (x86)/Intel/Intel(R) Management Engine Components/DAL;C:/Program Files/Intel/Intel(R) Management Engine Components/DAL;C:/Program Files (x86)/Intel/Intel(R) Management Engine Components/IPT;C:/Program Files/Intel/Intel(R) Management Engine Components/IPT;C:/Program Files (x86)/NVIDIA Corporation/PhysX/Common;C:/Program Files/Intel/WiFi/bin;C:/Program Files/Common Files/Intel/WirelessCommon;C:/Program Files/MATLAB/R2016a/runtime/win64;C:/Program Files/MATLAB/R2016a/bin;C:/Program Files/MATLAB/R2016a/polyspace/bin;C:/Program Files (x86)/GtkSharp/2.12/bin;C:/Program Files/Git/cmd;C:/Program Files/nodejs;C:/Program Files/PuTTY;C:/Program Files/MySQL/MySQL Utilities 1.6;C:/Users/RISHAV/AppData/Local/Microsoft/WindowsApps;C:/Users/RISHAV/AppData/Local/GitHubDesktop/bin;C:/Users/RISHAV/AppData/Roaming/npm;C:/Users/RISHAV/Documents/NetBeansProjects/Applet1/glassfish5/glassfish/bin/%USERPROFILE%/AppData/Local/Microsoft/WindowsApps;C:/Users/RISHAV/Documents/NetBeansProjects/Applet1/glassfish5/glassfish/bin
com.sun.enterprise.glassfish.bootstrap.ASMain
-upgrade
false
-domaindir
C:/Users/RISHAV/Documents/NetBeansProjects/Applet1/glassfish5/glassfish/domains/domain1
-read-stdin
true
-asadmin-args
--host,,,localhost,,,--port,,,4848,,,--secure=false,,,--terse=false,,,--echo=false,,,--interactive=true,,,start-domain,,,--verbose=false,,,--watchdog=false,,,--debug=false,,,--domaindir,,,C:\Users\RISHAV\Documents\NetBeansProjects\Applet1\glassfish5\glassfish\domains,,,domain1
-domainname
domain1
-instancename
server
-type
DAS
-verbose
false
-asadmin-classpath
C:/Users/RISHAV/Documents/NetBeansProjects/Applet1/glassfish5/glassfish/lib/client/appserver-cli.jar
-debug
false
-asadmin-classname
com.sun.enterprise.admin.cli.AdminMain]]

[2018-04-30T15:32:45.694+0530] [glassfish 5.0] [INFO] [NCLS-LOGGING-00009] [javax.enterprise.logging] [tid: _ThreadID=18 _ThreadName=RunLevelControllerThread-1525082565569] [timeMillis: 1525082565694] [levelValue: 800] [[
  Running GlassFish Version: GlassFish Server Open Source Edition  5.0  (build 25)]]

[2018-04-30T15:32:45.695+0530] [glassfish 5.0] [INFO] [NCLS-LOGGING-00010] [javax.enterprise.logging] [tid: _ThreadID=18 _ThreadName=RunLevelControllerThread-1525082565569] [timeMillis: 1525082565695] [levelValue: 800] [[
  Server log file is using Formatter class: com.sun.enterprise.server.logging.ODLLogFormatter]]

[2018-04-30T15:32:45.792+0530] [glassfish 5.0] [INFO] [NCLS-SECURITY-01115] [javax.enterprise.system.core.security] [tid: _ThreadID=20 _ThreadName=RunLevelControllerThread-1525082565589] [timeMillis: 1525082565792] [levelValue: 800] [[
  Realm [admin-realm] of classtype [com.sun.enterprise.security.auth.realm.file.FileRealm] successfully created.]]

[2018-04-30T15:32:45.811+0530] [glassfish 5.0] [INFO] [NCLS-SECURITY-01115] [javax.enterprise.system.core.security] [tid: _ThreadID=20 _ThreadName=RunLevelControllerThread-1525082565589] [timeMillis: 1525082565811] [levelValue: 800] [[
  Realm [file] of classtype [com.sun.enterprise.security.auth.realm.file.FileRealm] successfully created.]]

[2018-04-30T15:32:45.816+0530] [glassfish 5.0] [INFO] [NCLS-SECURITY-01115] [javax.enterprise.system.core.security] [tid: _ThreadID=20 _ThreadName=RunLevelControllerThread-1525082565589] [timeMillis: 1525082565816] [levelValue: 800] [[
  Realm [certificate] of classtype [com.sun.enterprise.security.auth.realm.certificate.CertificateRealm] successfully created.]]

[2018-04-30T15:32:45.939+0530] [glassfish 5.0] [INFO] [] [org.hibernate.validator.internal.util.Version] [tid: _ThreadID=19 _ThreadName=RunLevelControllerThread-1525082565589] [timeMillis: 1525082565939] [levelValue: 800] [[
  HV000001: Hibernate Validator 6.0.2.Final]]

[2018-04-30T15:32:45.950+0530] [glassfish 5.0] [INFO] [SEC-SVCS-00100] [javax.enterprise.security.services] [tid: _ThreadID=18 _ThreadName=RunLevelControllerThread-1525082565569] [timeMillis: 1525082565950] [levelValue: 800] [[
  Authorization Service has successfully initialized.]]

[2018-04-30T15:32:46.122+0530] [glassfish 5.0] [INFO] [] [org.glassfish.ha.store.spi.BackingStoreFactoryRegistry] [tid: _ThreadID=17 _ThreadName=RunLevelControllerThread-1525082565567] [timeMillis: 1525082566122] [levelValue: 800] [[
  Registered org.glassfish.ha.store.adapter.cache.ShoalBackingStoreProxy for persistence-type = replicated in BackingStoreFactoryRegistry]]

[2018-04-30T15:32:46.246+0530] [glassfish 5.0] [INFO] [NCLS-CORE-00087] [javax.enterprise.system.core] [tid: _ThreadID=20 _ThreadName=RunLevelControllerThread-1525082565589] [timeMillis: 1525082566246] [levelValue: 800] [[
  Grizzly Framework 2.4.1 started in: 22ms - bound to [/0.0.0.0:8181]]]

[2018-04-30T15:32:46.254+0530] [glassfish 5.0] [INFO] [NCLS-CORE-00087] [javax.enterprise.system.core] [tid: _ThreadID=20 _ThreadName=RunLevelControllerThread-1525082565589] [timeMillis: 1525082566254] [levelValue: 800] [[
  Grizzly Framework 2.4.1 started in: 2ms - bound to [/0.0.0.0:4848]]]

[2018-04-30T15:32:46.300+0530] [glassfish 5.0] [INFO] [NCLS-CORE-00087] [javax.enterprise.system.core] [tid: _ThreadID=17 _ThreadName=RunLevelControllerThread-1525082565567] [timeMillis: 1525082566300] [levelValue: 800] [[
  Grizzly Framework 2.4.1 started in: 2ms - bound to [/0.0.0.0:3700]]]

[2018-04-30T15:32:46.595+0530] [glassfish 5.0] [INFO] [NCLS-CORE-00017] [javax.enterprise.system.core] [tid: _ThreadID=1 _ThreadName=main] [timeMillis: 1525082566595] [levelValue: 800] [[
  GlassFish Server Open Source Edition  5.0  (25) startup time : Felix (3,672ms), startup services(1,035ms), total(4,707ms)]]

[2018-04-30T15:32:46.596+0530] [glassfish 5.0] [SEVERE] [NCLS-CORE-00019] [javax.enterprise.system.core] [tid: _ThreadID=1 _ThreadName=main] [timeMillis: 1525082566596] [levelValue: 1000] [[
  Shutting down server due to startup exception
java.net.BindException: Address already in use: bind
	at sun.nio.ch.Net.bind0(Native Method)
	at sun.nio.ch.Net.bind(Unknown Source)
	at sun.nio.ch.Net.bind(Unknown Source)
	at sun.nio.ch.ServerSocketChannelImpl.bind(Unknown Source)
	at sun.nio.ch.ServerSocketAdaptor.bind(Unknown Source)
	at org.glassfish.grizzly.nio.transport.TCPNIOBindingHandler.bindToChannelAndAddress(TCPNIOBindingHandler.java:131)
	at org.glassfish.grizzly.nio.transport.TCPNIOBindingHandler.bind(TCPNIOBindingHandler.java:88)
	at org.glassfish.grizzly.nio.transport.TCPNIOTransport.bind(TCPNIOTransport.java:239)
	at org.glassfish.grizzly.nio.transport.TCPNIOTransport.bind(TCPNIOTransport.java:228)
	at org.glassfish.grizzly.nio.transport.TCPNIOTransport.bind(TCPNIOTransport.java:77)
	at org.glassfish.grizzly.config.GenericGrizzlyListener.start(GenericGrizzlyListener.java:186)
	at com.sun.enterprise.v3.services.impl.GlassfishNetworkListener.start(GlassfishNetworkListener.java:108)
	at com.sun.enterprise.v3.services.impl.GrizzlyProxy.start0(GrizzlyProxy.java:267)
	at com.sun.enterprise.v3.services.impl.GrizzlyProxy.start(GrizzlyProxy.java:241)
	at com.sun.enterprise.v3.services.impl.GrizzlyService.createNetworkProxy(GrizzlyService.java:619)
	at com.sun.enterprise.v3.services.impl.GrizzlyService.postConstruct(GrizzlyService.java:542)
	at org.jvnet.hk2.internal.ClazzCreator.postConstructMe(ClazzCreator.java:327)
	at org.jvnet.hk2.internal.ClazzCreator.create(ClazzCreator.java:375)
	at org.jvnet.hk2.internal.SystemDescriptor.create(SystemDescriptor.java:487)
	at org.glassfish.hk2.runlevel.internal.AsyncRunLevelContext.findOrCreate(AsyncRunLevelContext.java:305)
	at org.glassfish.hk2.runlevel.RunLevelContext.findOrCreate(RunLevelContext.java:85)
	at org.jvnet.hk2.internal.Utilities.createService(Utilities.java:2126)
	at org.jvnet.hk2.internal.ServiceHandleImpl.getService(ServiceHandleImpl.java:116)
	at org.jvnet.hk2.internal.ServiceHandleImpl.getService(ServiceHandleImpl.java:90)
	at org.glassfish.hk2.runlevel.internal.CurrentTaskFuture$QueueRunner.oneJob(CurrentTaskFuture.java:1237)
	at org.glassfish.hk2.runlevel.internal.CurrentTaskFuture$QueueRunner.run(CurrentTaskFuture.java:1168)
	at org.glassfish.hk2.runlevel.internal.CurrentTaskFuture$UpOneLevel.run(CurrentTaskFuture.java:786)
	at java.util.concurrent.ThreadPoolExecutor.runWorker(Unknown Source)
	at java.util.concurrent.ThreadPoolExecutor$Worker.run(Unknown Source)
	at java.lang.Thread.run(Unknown Source)
]]

[2018-04-30T15:32:46.649+0530] [glassfish 5.0] [INFO] [NCLS-CORE-00092] [javax.enterprise.system.core] [tid: _ThreadID=58 _ThreadName=Thread-11] [timeMillis: 1525082566649] [levelValue: 800] [[
  Server shutdown initiated]]

[2018-04-30T15:32:46.651+0530] [glassfish 5.0] [INFO] [NCLS-BOOTSTRAP-00027] [javax.enterprise.bootstrap] [tid: _ThreadID=1 _ThreadName=main] [timeMillis: 1525082566651] [levelValue: 800] [[
  Registered com.sun.enterprise.glassfish.bootstrap.osgi.EmbeddedOSGiGlassFishImpl@79d743e6 as OSGi service registration: org.apache.felix.framework.ServiceRegistrationImpl@48535004.]]

[2018-04-30T15:32:47.660+0530] [glassfish 5.0] [INFO] [NCLS-BOOTSTRAP-00028] [javax.enterprise.bootstrap] [tid: _ThreadID=58 _ThreadName=Thread-11] [timeMillis: 1525082567660] [levelValue: 800] [[
  Unregistered com.sun.enterprise.glassfish.bootstrap.osgi.EmbeddedOSGiGlassFishImpl@79d743e6 from service registry.]]

[2018-04-30T15:32:47.661+0530] [glassfish 5.0] [INFO] [] [] [tid: _ThreadID=58 _ThreadName=Thread-8] [timeMillis: 1525082567661] [levelValue: 800] [[
  FileMonitoring shutdown]]

[2018-04-30T15:44:23.189+0530] [] [INFO] [NCLS-GFLAUNCHER-00005] [javax.enterprise.launcher] [tid: _ThreadID=1 _ThreadName=main] [timeMillis: 1525083263189] [levelValue: 800] [[
  JVM invocation command line:
C:\Program Files\Java\jre1.8.0_161\bin\java.exe
-cp
C:/Users/RISHAV/Documents/NetBeansProjects/Applet1/glassfish5/glassfish/modules/glassfish.jar
-XX:+UnlockDiagnosticVMOptions
-XX:NewRatio=2
-XX:MaxPermSize=192m
-Xmx512m
-client
-javaagent:C:/Users/RISHAV/Documents/NetBeansProjects/Applet1/glassfish5/glassfish/lib/monitor/flashlight-agent.jar
-Djavax.xml.accessExternalSchema=all
-Djavax.net.ssl.trustStore=C:\Users\RISHAV\Documents\NetBeansProjects\Applet1\glassfish5\glassfish\domains\domain1/config/cacerts.jks
-Djdk.tls.rejectClientInitiatedRenegotiation=true
-Djdk.corba.allowOutputStreamSubclass=true
-Dfelix.fileinstall.dir=C:\Users\RISHAV\Documents\NetBeansProjects\Applet1\glassfish5\glassfish/modules/autostart/
-Dorg.glassfish.additionalOSGiBundlesToStart=org.apache.felix.shell,org.apache.felix.gogo.runtime,org.apache.felix.gogo.shell,org.apache.felix.gogo.command,org.apache.felix.shell.remote,org.apache.felix.fileinstall
-Dcom.sun.aas.installRoot=C:\Users\RISHAV\Documents\NetBeansProjects\Applet1\glassfish5\glassfish
-Dfelix.fileinstall.poll=5000
-Djava.endorsed.dirs=C:\Users\RISHAV\Documents\NetBeansProjects\Applet1\glassfish5\glassfish/modules/endorsed;C:\Users\RISHAV\Documents\NetBeansProjects\Applet1\glassfish5\glassfish/lib/endorsed
-Djava.security.policy=C:\Users\RISHAV\Documents\NetBeansProjects\Applet1\glassfish5\glassfish\domains\domain1/config/server.policy
-Dosgi.shell.telnet.maxconn=1
-Dfelix.fileinstall.bundles.startTransient=true
-Dcom.sun.enterprise.config.config_environment_factory_class=com.sun.enterprise.config.serverbeans.AppserverConfigEnvironmentFactory
-Dfelix.fileinstall.log.level=2
-Djavax.net.ssl.keyStore=C:\Users\RISHAV\Documents\NetBeansProjects\Applet1\glassfish5\glassfish\domains\domain1/config/keystore.jks
-Djava.security.auth.login.config=C:\Users\RISHAV\Documents\NetBeansProjects\Applet1\glassfish5\glassfish\domains\domain1/config/login.conf
-Dfelix.fileinstall.disableConfigSave=false
-Dfelix.fileinstall.bundles.new.start=true
-Dcom.sun.aas.instanceRoot=C:\Users\RISHAV\Documents\NetBeansProjects\Applet1\glassfish5\glassfish\domains\domain1
-Dosgi.shell.telnet.port=6666
-Dgosh.args=--nointeractive
-Dcom.sun.enterprise.security.httpsOutboundKeyAlias=s1as
-Dosgi.shell.telnet.ip=127.0.0.1
-DANTLR_USE_DIRECT_CLASS_LOADING=true
-Djava.awt.headless=true
-Dcom.ctc.wstx.returnNullForDefaultNamespace=true
-Djava.ext.dirs=C:\Program Files\Java\jre1.8.0_161/lib/ext;C:\Program Files\Java\jre1.8.0_161/jre/lib/ext;C:\Users\RISHAV\Documents\NetBeansProjects\Applet1\glassfish5\glassfish\domains\domain1/lib/ext
-Djdbc.drivers=org.apache.derby.jdbc.ClientDriver
-Djava.library.path=C:/Users/RISHAV/Documents/NetBeansProjects/Applet1/glassfish5/glassfish/lib;C:/ProgramData/Oracle/Java/javapath;C:/Windows/Sun/Java/bin;C:/Windows/System32;C:/Windows;C:/Program Files (x86)/IntelSWTools/compilers_and_libraries_2018.0.124/windows/mpi/intel64/bin;C:/Program Files (x86)/Common Files/Intel/Shared Libraries/redist/intel64_win/mpirt;C:/Program Files (x86)/Common Files/Intel/Shared Libraries/redist/ia32_win/mpirt;C:/Program Files (x86)/Common Files/Intel/Shared Libraries/redist/intel64_win/compiler;C:/Program Files (x86)/Common Files/Intel/Shared Libraries/redist/ia32_win/compiler;C:/Program Files (x86)/Intel/iCLS Client;C:/Program Files/Intel/iCLS Client;C:/Windows/System32/wbem;C:/Windows/System32/WindowsPowerShell/v1.0;C:/Program Files (x86)/Intel/Intel(R) Management Engine Components/DAL;C:/Program Files/Intel/Intel(R) Management Engine Components/DAL;C:/Program Files (x86)/Intel/Intel(R) Management Engine Components/IPT;C:/Program Files/Intel/Intel(R) Management Engine Components/IPT;C:/Program Files (x86)/NVIDIA Corporation/PhysX/Common;C:/Program Files/Intel/WiFi/bin;C:/Program Files/Common Files/Intel/WirelessCommon;C:/Program Files/MATLAB/R2016a/runtime/win64;C:/Program Files/MATLAB/R2016a/bin;C:/Program Files/MATLAB/R2016a/polyspace/bin;C:/Program Files (x86)/GtkSharp/2.12/bin;C:/Program Files/Git/cmd;C:/Program Files/nodejs;C:/Program Files/PuTTY;C:/Program Files/MySQL/MySQL Utilities 1.6;C:/Users/RISHAV/AppData/Local/Microsoft/WindowsApps;C:/Users/RISHAV/AppData/Local/GitHubDesktop/bin;C:/Users/RISHAV/AppData/Roaming/npm;C:/Users/RISHAV/Documents/NetBeansProjects/Applet1/glassfish5/glassfish/bin/%USERPROFILE%/AppData/Local/Microsoft/WindowsApps;C:/Users/RISHAV/Documents/NetBeansProjects/Applet1/glassfish5/glassfish/bin
com.sun.enterprise.glassfish.bootstrap.ASMain
-upgrade
false
-domaindir
C:/Users/RISHAV/Documents/NetBeansProjects/Applet1/glassfish5/glassfish/domains/domain1
-read-stdin
true
-asadmin-args
--host,,,localhost,,,--port,,,4848,,,--secure=false,,,--terse=false,,,--echo=false,,,--interactive=true,,,start-domain,,,--verbose=true,,,--watchdog=false,,,--debug=false,,,--domaindir,,,C:\Users\RISHAV\Documents\NetBeansProjects\Applet1\glassfish5\glassfish\domains,,,domain1
-domainname
domain1
-instancename
server
-type
DAS
-verbose
true
-asadmin-classpath
C:/Users/RISHAV/Documents/NetBeansProjects/Applet1/glassfish5/glassfish/lib/client/appserver-cli.jar
-debug
false
-asadmin-classname
com.sun.enterprise.admin.cli.AdminMain]]

[2018-04-30T15:44:29.022+0530] [glassfish 5.0] [INFO] [NCLS-LOGGING-00009] [javax.enterprise.logging] [tid: _ThreadID=18 _ThreadName=RunLevelControllerThread-1525083268692] [timeMillis: 1525083269022] [levelValue: 800] [[
  Running GlassFish Version: GlassFish Server Open Source Edition  5.0  (build 25)]]

[2018-04-30T15:44:29.025+0530] [glassfish 5.0] [INFO] [NCLS-LOGGING-00010] [javax.enterprise.logging] [tid: _ThreadID=18 _ThreadName=RunLevelControllerThread-1525083268692] [timeMillis: 1525083269025] [levelValue: 800] [[
  Server log file is using Formatter class: com.sun.enterprise.server.logging.ODLLogFormatter]]

[2018-04-30T15:44:29.185+0530] [glassfish 5.0] [INFO] [NCLS-SECURITY-01115] [javax.enterprise.system.core.security] [tid: _ThreadID=17 _ThreadName=RunLevelControllerThread-1525083268690] [timeMillis: 1525083269185] [levelValue: 800] [[
  Realm [admin-realm] of classtype [com.sun.enterprise.security.auth.realm.file.FileRealm] successfully created.]]

[2018-04-30T15:44:29.204+0530] [glassfish 5.0] [INFO] [NCLS-SECURITY-01115] [javax.enterprise.system.core.security] [tid: _ThreadID=17 _ThreadName=RunLevelControllerThread-1525083268690] [timeMillis: 1525083269204] [levelValue: 800] [[
  Realm [file] of classtype [com.sun.enterprise.security.auth.realm.file.FileRealm] successfully created.]]

[2018-04-30T15:44:29.210+0530] [glassfish 5.0] [INFO] [NCLS-SECURITY-01115] [javax.enterprise.system.core.security] [tid: _ThreadID=17 _ThreadName=RunLevelControllerThread-1525083268690] [timeMillis: 1525083269210] [levelValue: 800] [[
  Realm [certificate] of classtype [com.sun.enterprise.security.auth.realm.certificate.CertificateRealm] successfully created.]]

[2018-04-30T15:44:29.430+0530] [glassfish 5.0] [INFO] [] [org.hibernate.validator.internal.util.Version] [tid: _ThreadID=20 _ThreadName=RunLevelControllerThread-1525083268701] [timeMillis: 1525083269430] [levelValue: 800] [[
  HV000001: Hibernate Validator 6.0.2.Final]]

[2018-04-30T15:44:29.447+0530] [glassfish 5.0] [INFO] [SEC-SVCS-00100] [javax.enterprise.security.services] [tid: _ThreadID=18 _ThreadName=RunLevelControllerThread-1525083268692] [timeMillis: 1525083269447] [levelValue: 800] [[
  Authorization Service has successfully initialized.]]

[2018-04-30T15:44:30.295+0530] [glassfish 5.0] [INFO] [NCLS-CORE-00087] [javax.enterprise.system.core] [tid: _ThreadID=17 _ThreadName=RunLevelControllerThread-1525083268690] [timeMillis: 1525083270295] [levelValue: 800] [[
  Grizzly Framework 2.4.1 started in: 78ms - bound to [/0.0.0.0:8181]]]

[2018-04-30T15:44:30.308+0530] [glassfish 5.0] [INFO] [NCLS-CORE-00087] [javax.enterprise.system.core] [tid: _ThreadID=17 _ThreadName=RunLevelControllerThread-1525083268690] [timeMillis: 1525083270308] [levelValue: 800] [[
  Grizzly Framework 2.4.1 started in: 2ms - bound to [/0.0.0.0:4848]]]

[2018-04-30T15:44:30.428+0530] [glassfish 5.0] [INFO] [] [org.glassfish.ha.store.spi.BackingStoreFactoryRegistry] [tid: _ThreadID=17 _ThreadName=RunLevelControllerThread-1525083268690] [timeMillis: 1525083270428] [levelValue: 800] [[
  Registered org.glassfish.ha.store.adapter.cache.ShoalBackingStoreProxy for persistence-type = replicated in BackingStoreFactoryRegistry]]

[2018-04-30T15:44:30.440+0530] [glassfish 5.0] [INFO] [NCLS-CORE-00087] [javax.enterprise.system.core] [tid: _ThreadID=17 _ThreadName=RunLevelControllerThread-1525083268690] [timeMillis: 1525083270440] [levelValue: 800] [[
  Grizzly Framework 2.4.1 started in: 2ms - bound to [/0.0.0.0:3700]]]

[2018-04-30T15:44:30.750+0530] [glassfish 5.0] [INFO] [NCLS-CORE-00017] [javax.enterprise.system.core] [tid: _ThreadID=1 _ThreadName=main] [timeMillis: 1525083270750] [levelValue: 800] [[
  GlassFish Server Open Source Edition  5.0  (25) startup time : Felix (4,467ms), startup services(2,074ms), total(6,541ms)]]

[2018-04-30T15:44:30.751+0530] [glassfish 5.0] [SEVERE] [NCLS-CORE-00019] [javax.enterprise.system.core] [tid: _ThreadID=1 _ThreadName=main] [timeMillis: 1525083270751] [levelValue: 1000] [[
  Shutting down server due to startup exception
java.net.BindException: Address already in use: bind
	at sun.nio.ch.Net.bind0(Native Method)
	at sun.nio.ch.Net.bind(Unknown Source)
	at sun.nio.ch.Net.bind(Unknown Source)
	at sun.nio.ch.ServerSocketChannelImpl.bind(Unknown Source)
	at sun.nio.ch.ServerSocketAdaptor.bind(Unknown Source)
	at org.glassfish.grizzly.nio.transport.TCPNIOBindingHandler.bindToChannelAndAddress(TCPNIOBindingHandler.java:131)
	at org.glassfish.grizzly.nio.transport.TCPNIOBindingHandler.bind(TCPNIOBindingHandler.java:88)
	at org.glassfish.grizzly.nio.transport.TCPNIOTransport.bind(TCPNIOTransport.java:239)
	at org.glassfish.grizzly.nio.transport.TCPNIOTransport.bind(TCPNIOTransport.java:228)
	at org.glassfish.grizzly.nio.transport.TCPNIOTransport.bind(TCPNIOTransport.java:77)
	at org.glassfish.grizzly.config.GenericGrizzlyListener.start(GenericGrizzlyListener.java:186)
	at com.sun.enterprise.v3.services.impl.GlassfishNetworkListener.start(GlassfishNetworkListener.java:108)
	at com.sun.enterprise.v3.services.impl.GrizzlyProxy.start0(GrizzlyProxy.java:267)
	at com.sun.enterprise.v3.services.impl.GrizzlyProxy.start(GrizzlyProxy.java:241)
	at com.sun.enterprise.v3.services.impl.GrizzlyService.createNetworkProxy(GrizzlyService.java:619)
	at com.sun.enterprise.v3.services.impl.GrizzlyService.postConstruct(GrizzlyService.java:542)
	at org.jvnet.hk2.internal.ClazzCreator.postConstructMe(ClazzCreator.java:327)
	at org.jvnet.hk2.internal.ClazzCreator.create(ClazzCreator.java:375)
	at org.jvnet.hk2.internal.SystemDescriptor.create(SystemDescriptor.java:487)
	at org.glassfish.hk2.runlevel.internal.AsyncRunLevelContext.findOrCreate(AsyncRunLevelContext.java:305)
	at org.glassfish.hk2.runlevel.RunLevelContext.findOrCreate(RunLevelContext.java:85)
	at org.jvnet.hk2.internal.Utilities.createService(Utilities.java:2126)
	at org.jvnet.hk2.internal.ServiceHandleImpl.getService(ServiceHandleImpl.java:116)
	at org.jvnet.hk2.internal.ServiceHandleImpl.getService(ServiceHandleImpl.java:90)
	at org.glassfish.hk2.runlevel.internal.CurrentTaskFuture$QueueRunner.oneJob(CurrentTaskFuture.java:1237)
	at org.glassfish.hk2.runlevel.internal.CurrentTaskFuture$QueueRunner.run(CurrentTaskFuture.java:1168)
	at org.glassfish.hk2.runlevel.internal.CurrentTaskFuture$UpOneLevel.run(CurrentTaskFuture.java:786)
	at java.util.concurrent.ThreadPoolExecutor.runWorker(Unknown Source)
	at java.util.concurrent.ThreadPoolExecutor$Worker.run(Unknown Source)
	at java.lang.Thread.run(Unknown Source)
]]

[2018-04-30T15:44:30.819+0530] [glassfish 5.0] [INFO] [NCLS-CORE-00092] [javax.enterprise.system.core] [tid: _ThreadID=64 _ThreadName=Thread-11] [timeMillis: 1525083270819] [levelValue: 800] [[
  Server shutdown initiated]]

[2018-04-30T15:44:30.821+0530] [glassfish 5.0] [INFO] [NCLS-BOOTSTRAP-00027] [javax.enterprise.bootstrap] [tid: _ThreadID=1 _ThreadName=main] [timeMillis: 1525083270821] [levelValue: 800] [[
  Registered com.sun.enterprise.glassfish.bootstrap.osgi.EmbeddedOSGiGlassFishImpl@f3fcd59 as OSGi service registration: org.apache.felix.framework.ServiceRegistrationImpl@dcc6211.]]

[2018-04-30T15:44:31.823+0530] [glassfish 5.0] [INFO] [NCLS-BOOTSTRAP-00028] [javax.enterprise.bootstrap] [tid: _ThreadID=64 _ThreadName=Thread-11] [timeMillis: 1525083271823] [levelValue: 800] [[
  Unregistered com.sun.enterprise.glassfish.bootstrap.osgi.EmbeddedOSGiGlassFishImpl@f3fcd59 from service registry.]]

[2018-04-30T15:44:31.825+0530] [glassfish 5.0] [INFO] [] [] [tid: _ThreadID=64 _ThreadName=Thread-8] [timeMillis: 1525083271825] [levelValue: 800] [[
  FileMonitoring shutdown]]

[2018-04-30T15:45:20.907+0530] [] [INFO] [NCLS-GFLAUNCHER-00005] [javax.enterprise.launcher] [tid: _ThreadID=1 _ThreadName=main] [timeMillis: 1525083320907] [levelValue: 800] [[
  JVM invocation command line:
C:\Program Files\Java\jre1.8.0_161\bin\java.exe
-cp
C:/Users/RISHAV/Documents/NetBeansProjects/Applet1/glassfish5/glassfish/modules/glassfish.jar
-XX:+UnlockDiagnosticVMOptions
-XX:NewRatio=2
-XX:MaxPermSize=192m
-Xmx512m
-client
-javaagent:C:/Users/RISHAV/Documents/NetBeansProjects/Applet1/glassfish5/glassfish/lib/monitor/flashlight-agent.jar
-Djavax.xml.accessExternalSchema=all
-Djavax.net.ssl.trustStore=C:\Users\RISHAV\Documents\NetBeansProjects\Applet1\glassfish5\glassfish\domains\domain1/config/cacerts.jks
-Djdk.tls.rejectClientInitiatedRenegotiation=true
-Djdk.corba.allowOutputStreamSubclass=true
-Dfelix.fileinstall.dir=C:\Users\RISHAV\Documents\NetBeansProjects\Applet1\glassfish5\glassfish/modules/autostart/
-Dorg.glassfish.additionalOSGiBundlesToStart=org.apache.felix.shell,org.apache.felix.gogo.runtime,org.apache.felix.gogo.shell,org.apache.felix.gogo.command,org.apache.felix.shell.remote,org.apache.felix.fileinstall
-Dcom.sun.aas.installRoot=C:\Users\RISHAV\Documents\NetBeansProjects\Applet1\glassfish5\glassfish
-Dfelix.fileinstall.poll=5000
-Djava.endorsed.dirs=C:\Users\RISHAV\Documents\NetBeansProjects\Applet1\glassfish5\glassfish/modules/endorsed;C:\Users\RISHAV\Documents\NetBeansProjects\Applet1\glassfish5\glassfish/lib/endorsed
-Djava.security.policy=C:\Users\RISHAV\Documents\NetBeansProjects\Applet1\glassfish5\glassfish\domains\domain1/config/server.policy
-Dosgi.shell.telnet.maxconn=1
-Dfelix.fileinstall.bundles.startTransient=true
-Dcom.sun.enterprise.config.config_environment_factory_class=com.sun.enterprise.config.serverbeans.AppserverConfigEnvironmentFactory
-Dfelix.fileinstall.log.level=2
-Djavax.net.ssl.keyStore=C:\Users\RISHAV\Documents\NetBeansProjects\Applet1\glassfish5\glassfish\domains\domain1/config/keystore.jks
-Djava.security.auth.login.config=C:\Users\RISHAV\Documents\NetBeansProjects\Applet1\glassfish5\glassfish\domains\domain1/config/login.conf
-Dfelix.fileinstall.disableConfigSave=false
-Dfelix.fileinstall.bundles.new.start=true
-Dcom.sun.aas.instanceRoot=C:\Users\RISHAV\Documents\NetBeansProjects\Applet1\glassfish5\glassfish\domains\domain1
-Dosgi.shell.telnet.port=6666
-Dgosh.args=--nointeractive
-Dcom.sun.enterprise.security.httpsOutboundKeyAlias=s1as
-Dosgi.shell.telnet.ip=127.0.0.1
-DANTLR_USE_DIRECT_CLASS_LOADING=true
-Djava.awt.headless=true
-Dcom.ctc.wstx.returnNullForDefaultNamespace=true
-Djava.ext.dirs=C:\Program Files\Java\jre1.8.0_161/lib/ext;C:\Program Files\Java\jre1.8.0_161/jre/lib/ext;C:\Users\RISHAV\Documents\NetBeansProjects\Applet1\glassfish5\glassfish\domains\domain1/lib/ext
-Djdbc.drivers=org.apache.derby.jdbc.ClientDriver
-Djava.library.path=C:/Users/RISHAV/Documents/NetBeansProjects/Applet1/glassfish5/glassfish/lib;C:/ProgramData/Oracle/Java/javapath;C:/Windows/Sun/Java/bin;C:/Windows/System32;C:/Windows;C:/Program Files (x86)/IntelSWTools/compilers_and_libraries_2018.0.124/windows/mpi/intel64/bin;C:/Program Files (x86)/Common Files/Intel/Shared Libraries/redist/intel64_win/mpirt;C:/Program Files (x86)/Common Files/Intel/Shared Libraries/redist/ia32_win/mpirt;C:/Program Files (x86)/Common Files/Intel/Shared Libraries/redist/intel64_win/compiler;C:/Program Files (x86)/Common Files/Intel/Shared Libraries/redist/ia32_win/compiler;C:/Program Files (x86)/Intel/iCLS Client;C:/Program Files/Intel/iCLS Client;C:/Windows/System32/wbem;C:/Windows/System32/WindowsPowerShell/v1.0;C:/Program Files (x86)/Intel/Intel(R) Management Engine Components/DAL;C:/Program Files/Intel/Intel(R) Management Engine Components/DAL;C:/Program Files (x86)/Intel/Intel(R) Management Engine Components/IPT;C:/Program Files/Intel/Intel(R) Management Engine Components/IPT;C:/Program Files (x86)/NVIDIA Corporation/PhysX/Common;C:/Program Files/Intel/WiFi/bin;C:/Program Files/Common Files/Intel/WirelessCommon;C:/Program Files/MATLAB/R2016a/runtime/win64;C:/Program Files/MATLAB/R2016a/bin;C:/Program Files/MATLAB/R2016a/polyspace/bin;C:/Program Files (x86)/GtkSharp/2.12/bin;C:/Program Files/Git/cmd;C:/Program Files/nodejs;C:/Program Files/PuTTY;C:/Program Files/MySQL/MySQL Utilities 1.6;C:/Users/RISHAV/AppData/Local/Microsoft/WindowsApps;C:/Users/RISHAV/AppData/Local/GitHubDesktop/bin;C:/Users/RISHAV/AppData/Roaming/npm;C:/Users/RISHAV/Documents/NetBeansProjects/Applet1/glassfish5/glassfish/bin/%USERPROFILE%/AppData/Local/Microsoft/WindowsApps;C:/Users/RISHAV/Documents/NetBeansProjects/Applet1/glassfish5/glassfish/bin
com.sun.enterprise.glassfish.bootstrap.ASMain
-upgrade
false
-domaindir
C:/Users/RISHAV/Documents/NetBeansProjects/Applet1/glassfish5/glassfish/domains/domain1
-read-stdin
true
-asadmin-args
--host,,,localhost,,,--port,,,4848,,,--secure=false,,,--terse=false,,,--echo=false,,,--interactive=true,,,start-domain,,,--verbose=true,,,--watchdog=false,,,--debug=false,,,--domaindir,,,C:\Users\RISHAV\Documents\NetBeansProjects\Applet1\glassfish5\glassfish\domains,,,domain1
-domainname
domain1
-instancename
server
-type
DAS
-verbose
true
-asadmin-classpath
C:/Users/RISHAV/Documents/NetBeansProjects/Applet1/glassfish5/glassfish/lib/client/appserver-cli.jar
-debug
false
-asadmin-classname
com.sun.enterprise.admin.cli.AdminMain]]

[2018-04-30T15:45:23.857+0530] [glassfish 5.0] [INFO] [NCLS-LOGGING-00009] [javax.enterprise.logging] [tid: _ThreadID=18 _ThreadName=RunLevelControllerThread-1525083323742] [timeMillis: 1525083323857] [levelValue: 800] [[
  Running GlassFish Version: GlassFish Server Open Source Edition  5.0  (build 25)]]

[2018-04-30T15:45:23.859+0530] [glassfish 5.0] [INFO] [NCLS-LOGGING-00010] [javax.enterprise.logging] [tid: _ThreadID=18 _ThreadName=RunLevelControllerThread-1525083323742] [timeMillis: 1525083323859] [levelValue: 800] [[
  Server log file is using Formatter class: com.sun.enterprise.server.logging.ODLLogFormatter]]

[2018-04-30T15:45:23.964+0530] [glassfish 5.0] [INFO] [NCLS-SECURITY-01115] [javax.enterprise.system.core.security] [tid: _ThreadID=17 _ThreadName=RunLevelControllerThread-1525083323741] [timeMillis: 1525083323964] [levelValue: 800] [[
  Realm [admin-realm] of classtype [com.sun.enterprise.security.auth.realm.file.FileRealm] successfully created.]]

[2018-04-30T15:45:23.967+0530] [glassfish 5.0] [INFO] [NCLS-SECURITY-01115] [javax.enterprise.system.core.security] [tid: _ThreadID=17 _ThreadName=RunLevelControllerThread-1525083323741] [timeMillis: 1525083323967] [levelValue: 800] [[
  Realm [file] of classtype [com.sun.enterprise.security.auth.realm.file.FileRealm] successfully created.]]

[2018-04-30T15:45:23.971+0530] [glassfish 5.0] [INFO] [NCLS-SECURITY-01115] [javax.enterprise.system.core.security] [tid: _ThreadID=17 _ThreadName=RunLevelControllerThread-1525083323741] [timeMillis: 1525083323971] [levelValue: 800] [[
  Realm [certificate] of classtype [com.sun.enterprise.security.auth.realm.certificate.CertificateRealm] successfully created.]]

[2018-04-30T15:45:24.089+0530] [glassfish 5.0] [INFO] [] [org.hibernate.validator.internal.util.Version] [tid: _ThreadID=19 _ThreadName=RunLevelControllerThread-1525083323762] [timeMillis: 1525083324089] [levelValue: 800] [[
  HV000001: Hibernate Validator 6.0.2.Final]]

[2018-04-30T15:45:24.098+0530] [glassfish 5.0] [INFO] [SEC-SVCS-00100] [javax.enterprise.security.services] [tid: _ThreadID=18 _ThreadName=RunLevelControllerThread-1525083323742] [timeMillis: 1525083324098] [levelValue: 800] [[
  Authorization Service has successfully initialized.]]

[2018-04-30T15:45:24.236+0530] [glassfish 5.0] [INFO] [] [org.glassfish.ha.store.spi.BackingStoreFactoryRegistry] [tid: _ThreadID=20 _ThreadName=RunLevelControllerThread-1525083323762] [timeMillis: 1525083324236] [levelValue: 800] [[
  Registered org.glassfish.ha.store.adapter.cache.ShoalBackingStoreProxy for persistence-type = replicated in BackingStoreFactoryRegistry]]

[2018-04-30T15:45:24.353+0530] [glassfish 5.0] [INFO] [NCLS-CORE-00087] [javax.enterprise.system.core] [tid: _ThreadID=17 _ThreadName=RunLevelControllerThread-1525083323741] [timeMillis: 1525083324353] [levelValue: 800] [[
  Grizzly Framework 2.4.1 started in: 19ms - bound to [/0.0.0.0:8181]]]

[2018-04-30T15:45:24.361+0530] [glassfish 5.0] [INFO] [NCLS-CORE-00087] [javax.enterprise.system.core] [tid: _ThreadID=17 _ThreadName=RunLevelControllerThread-1525083323741] [timeMillis: 1525083324361] [levelValue: 800] [[
  Grizzly Framework 2.4.1 started in: 2ms - bound to [/0.0.0.0:4848]]]

[2018-04-30T15:45:24.404+0530] [glassfish 5.0] [INFO] [NCLS-CORE-00087] [javax.enterprise.system.core] [tid: _ThreadID=20 _ThreadName=RunLevelControllerThread-1525083323762] [timeMillis: 1525083324404] [levelValue: 800] [[
  Grizzly Framework 2.4.1 started in: 1ms - bound to [/0.0.0.0:3700]]]

[2018-04-30T15:45:24.576+0530] [glassfish 5.0] [INFO] [NCLS-CORE-00017] [javax.enterprise.system.core] [tid: _ThreadID=1 _ThreadName=main] [timeMillis: 1525083324576] [levelValue: 800] [[
  GlassFish Server Open Source Edition  5.0  (25) startup time : Felix (2,603ms), startup services(841ms), total(3,444ms)]]

[2018-04-30T15:45:24.577+0530] [glassfish 5.0] [SEVERE] [NCLS-CORE-00019] [javax.enterprise.system.core] [tid: _ThreadID=1 _ThreadName=main] [timeMillis: 1525083324577] [levelValue: 1000] [[
  Shutting down server due to startup exception
java.net.BindException: Address already in use: bind
	at sun.nio.ch.Net.bind0(Native Method)
	at sun.nio.ch.Net.bind(Unknown Source)
	at sun.nio.ch.Net.bind(Unknown Source)
	at sun.nio.ch.ServerSocketChannelImpl.bind(Unknown Source)
	at sun.nio.ch.ServerSocketAdaptor.bind(Unknown Source)
	at org.glassfish.grizzly.nio.transport.TCPNIOBindingHandler.bindToChannelAndAddress(TCPNIOBindingHandler.java:131)
	at org.glassfish.grizzly.nio.transport.TCPNIOBindingHandler.bind(TCPNIOBindingHandler.java:88)
	at org.glassfish.grizzly.nio.transport.TCPNIOTransport.bind(TCPNIOTransport.java:239)
	at org.glassfish.grizzly.nio.transport.TCPNIOTransport.bind(TCPNIOTransport.java:228)
	at org.glassfish.grizzly.nio.transport.TCPNIOTransport.bind(TCPNIOTransport.java:77)
	at org.glassfish.grizzly.config.GenericGrizzlyListener.start(GenericGrizzlyListener.java:186)
	at com.sun.enterprise.v3.services.impl.GlassfishNetworkListener.start(GlassfishNetworkListener.java:108)
	at com.sun.enterprise.v3.services.impl.GrizzlyProxy.start0(GrizzlyProxy.java:267)
	at com.sun.enterprise.v3.services.impl.GrizzlyProxy.start(GrizzlyProxy.java:241)
	at com.sun.enterprise.v3.services.impl.GrizzlyService.createNetworkProxy(GrizzlyService.java:619)
	at com.sun.enterprise.v3.services.impl.GrizzlyService.postConstruct(GrizzlyService.java:542)
	at org.jvnet.hk2.internal.ClazzCreator.postConstructMe(ClazzCreator.java:327)
	at org.jvnet.hk2.internal.ClazzCreator.create(ClazzCreator.java:375)
	at org.jvnet.hk2.internal.SystemDescriptor.create(SystemDescriptor.java:487)
	at org.glassfish.hk2.runlevel.internal.AsyncRunLevelContext.findOrCreate(AsyncRunLevelContext.java:305)
	at org.glassfish.hk2.runlevel.RunLevelContext.findOrCreate(RunLevelContext.java:85)
	at org.jvnet.hk2.internal.Utilities.createService(Utilities.java:2126)
	at org.jvnet.hk2.internal.ServiceHandleImpl.getService(ServiceHandleImpl.java:116)
	at org.jvnet.hk2.internal.ServiceHandleImpl.getService(ServiceHandleImpl.java:90)
	at org.glassfish.hk2.runlevel.internal.CurrentTaskFuture$QueueRunner.oneJob(CurrentTaskFuture.java:1237)
	at org.glassfish.hk2.runlevel.internal.CurrentTaskFuture$QueueRunner.run(CurrentTaskFuture.java:1168)
	at org.glassfish.hk2.runlevel.internal.CurrentTaskFuture$UpOneLevel.run(CurrentTaskFuture.java:786)
	at java.util.concurrent.ThreadPoolExecutor.runWorker(Unknown Source)
	at java.util.concurrent.ThreadPoolExecutor$Worker.run(Unknown Source)
	at java.lang.Thread.run(Unknown Source)
]]

[2018-04-30T15:45:24.629+0530] [glassfish 5.0] [INFO] [NCLS-CORE-00092] [javax.enterprise.system.core] [tid: _ThreadID=58 _ThreadName=Thread-11] [timeMillis: 1525083324629] [levelValue: 800] [[
  Server shutdown initiated]]

[2018-04-30T15:45:24.633+0530] [glassfish 5.0] [INFO] [NCLS-BOOTSTRAP-00027] [javax.enterprise.bootstrap] [tid: _ThreadID=1 _ThreadName=main] [timeMillis: 1525083324633] [levelValue: 800] [[
  Registered com.sun.enterprise.glassfish.bootstrap.osgi.EmbeddedOSGiGlassFishImpl@79d743e6 as OSGi service registration: org.apache.felix.framework.ServiceRegistrationImpl@48535004.]]

[2018-04-30T15:45:25.632+0530] [glassfish 5.0] [INFO] [NCLS-BOOTSTRAP-00028] [javax.enterprise.bootstrap] [tid: _ThreadID=58 _ThreadName=Thread-11] [timeMillis: 1525083325632] [levelValue: 800] [[
  Unregistered com.sun.enterprise.glassfish.bootstrap.osgi.EmbeddedOSGiGlassFishImpl@79d743e6 from service registry.]]

[2018-04-30T15:45:25.633+0530] [glassfish 5.0] [INFO] [] [] [tid: _ThreadID=58 _ThreadName=Thread-8] [timeMillis: 1525083325633] [levelValue: 800] [[
  FileMonitoring shutdown]]

[2018-04-30T15:49:32.616+0530] [] [INFO] [NCLS-GFLAUNCHER-00005] [javax.enterprise.launcher] [tid: _ThreadID=1 _ThreadName=main] [timeMillis: 1525083572616] [levelValue: 800] [[
  JVM invocation command line:
C:\Program Files\Java\jre1.8.0_161\bin\java.exe
-cp
C:/Users/RISHAV/Documents/NetBeansProjects/Applet1/glassfish5/glassfish/modules/glassfish.jar
-XX:+UnlockDiagnosticVMOptions
-XX:NewRatio=2
-XX:MaxPermSize=192m
-Xmx512m
-client
-javaagent:C:/Users/RISHAV/Documents/NetBeansProjects/Applet1/glassfish5/glassfish/lib/monitor/flashlight-agent.jar
-Djavax.xml.accessExternalSchema=all
-Djavax.net.ssl.trustStore=C:\Users\RISHAV\Documents\NetBeansProjects\Applet1\glassfish5\glassfish\domains\domain1/config/cacerts.jks
-Djdk.tls.rejectClientInitiatedRenegotiation=true
-Djdk.corba.allowOutputStreamSubclass=true
-Dfelix.fileinstall.dir=C:\Users\RISHAV\Documents\NetBeansProjects\Applet1\glassfish5\glassfish/modules/autostart/
-Djava.net.preferIPv4Stack=true
-Dorg.glassfish.additionalOSGiBundlesToStart=org.apache.felix.shell,org.apache.felix.gogo.runtime,org.apache.felix.gogo.shell,org.apache.felix.gogo.command,org.apache.felix.shell.remote,org.apache.felix.fileinstall
-Dcom.sun.aas.installRoot=C:\Users\RISHAV\Documents\NetBeansProjects\Applet1\glassfish5\glassfish
-Dfelix.fileinstall.poll=5000
-Djava.endorsed.dirs=C:\Users\RISHAV\Documents\NetBeansProjects\Applet1\glassfish5\glassfish/modules/endorsed;C:\Users\RISHAV\Documents\NetBeansProjects\Applet1\glassfish5\glassfish/lib/endorsed
-Djava.security.policy=C:\Users\RISHAV\Documents\NetBeansProjects\Applet1\glassfish5\glassfish\domains\domain1/config/server.policy
-Dosgi.shell.telnet.maxconn=1
-Dfelix.fileinstall.bundles.startTransient=true
-Dcom.sun.enterprise.config.config_environment_factory_class=com.sun.enterprise.config.serverbeans.AppserverConfigEnvironmentFactory
-Dfelix.fileinstall.log.level=2
-Djavax.net.ssl.keyStore=C:\Users\RISHAV\Documents\NetBeansProjects\Applet1\glassfish5\glassfish\domains\domain1/config/keystore.jks
-Djava.security.auth.login.config=C:\Users\RISHAV\Documents\NetBeansProjects\Applet1\glassfish5\glassfish\domains\domain1/config/login.conf
-Dfelix.fileinstall.disableConfigSave=false
-Dfelix.fileinstall.bundles.new.start=true
-Dcom.sun.aas.instanceRoot=C:\Users\RISHAV\Documents\NetBeansProjects\Applet1\glassfish5\glassfish\domains\domain1
-Dosgi.shell.telnet.port=6666
-Dgosh.args=--nointeractive
-Dcom.sun.enterprise.security.httpsOutboundKeyAlias=s1as
-Dosgi.shell.telnet.ip=127.0.0.1
-DANTLR_USE_DIRECT_CLASS_LOADING=true
-Djava.awt.headless=true
-Dcom.ctc.wstx.returnNullForDefaultNamespace=true
-Djava.ext.dirs=C:\Program Files\Java\jre1.8.0_161/lib/ext;C:\Program Files\Java\jre1.8.0_161/jre/lib/ext;C:\Users\RISHAV\Documents\NetBeansProjects\Applet1\glassfish5\glassfish\domains\domain1/lib/ext
-Djdbc.drivers=org.apache.derby.jdbc.ClientDriver
-Djava.library.path=C:/Users/RISHAV/Documents/NetBeansProjects/Applet1/glassfish5/glassfish/lib;C:/ProgramData/Oracle/Java/javapath;C:/Windows/Sun/Java/bin;C:/Windows/System32;C:/Windows;C:/Program Files (x86)/IntelSWTools/compilers_and_libraries_2018.0.124/windows/mpi/intel64/bin;C:/Program Files (x86)/Common Files/Intel/Shared Libraries/redist/intel64_win/mpirt;C:/Program Files (x86)/Common Files/Intel/Shared Libraries/redist/ia32_win/mpirt;C:/Program Files (x86)/Common Files/Intel/Shared Libraries/redist/intel64_win/compiler;C:/Program Files (x86)/Common Files/Intel/Shared Libraries/redist/ia32_win/compiler;C:/Program Files (x86)/Intel/iCLS Client;C:/Program Files/Intel/iCLS Client;C:/Windows/System32/wbem;C:/Windows/System32/WindowsPowerShell/v1.0;C:/Program Files (x86)/Intel/Intel(R) Management Engine Components/DAL;C:/Program Files/Intel/Intel(R) Management Engine Components/DAL;C:/Program Files (x86)/Intel/Intel(R) Management Engine Components/IPT;C:/Program Files/Intel/Intel(R) Management Engine Components/IPT;C:/Program Files (x86)/NVIDIA Corporation/PhysX/Common;C:/Program Files/Intel/WiFi/bin;C:/Program Files/Common Files/Intel/WirelessCommon;C:/Program Files/MATLAB/R2016a/runtime/win64;C:/Program Files/MATLAB/R2016a/bin;C:/Program Files/MATLAB/R2016a/polyspace/bin;C:/Program Files (x86)/GtkSharp/2.12/bin;C:/Program Files/Git/cmd;C:/Program Files/nodejs;C:/Program Files/PuTTY;C:/Program Files/MySQL/MySQL Utilities 1.6;C:/Users/RISHAV/AppData/Local/Microsoft/WindowsApps;C:/Users/RISHAV/AppData/Local/GitHubDesktop/bin;C:/Users/RISHAV/AppData/Roaming/npm;C:/Users/RISHAV/Documents/NetBeansProjects/Applet1/glassfish5/glassfish/bin/%USERPROFILE%/AppData/Local/Microsoft/WindowsApps;C:/Users/RISHAV/Documents/NetBeansProjects/Applet1/glassfish5/glassfish/bin
com.sun.enterprise.glassfish.bootstrap.ASMain
-upgrade
false
-domaindir
C:/Users/RISHAV/Documents/NetBeansProjects/Applet1/glassfish5/glassfish/domains/domain1
-read-stdin
true
-asadmin-args
--host,,,localhost,,,--port,,,4848,,,--secure=false,,,--terse=false,,,--echo=false,,,--interactive=true,,,start-domain,,,--verbose=true,,,--watchdog=false,,,--debug=false,,,--domaindir,,,C:\Users\RISHAV\Documents\NetBeansProjects\Applet1\glassfish5\glassfish\domains,,,domain1
-domainname
domain1
-instancename
server
-type
DAS
-verbose
true
-asadmin-classpath
C:/Users/RISHAV/Documents/NetBeansProjects/Applet1/glassfish5/glassfish/lib/client/appserver-cli.jar
-debug
false
-asadmin-classname
com.sun.enterprise.admin.cli.AdminMain]]

[2018-04-30T15:49:36.989+0530] [glassfish 5.0] [INFO] [NCLS-LOGGING-00009] [javax.enterprise.logging] [tid: _ThreadID=18 _ThreadName=RunLevelControllerThread-1525083576873] [timeMillis: 1525083576989] [levelValue: 800] [[
  Running GlassFish Version: GlassFish Server Open Source Edition  5.0  (build 25)]]

[2018-04-30T15:49:36.991+0530] [glassfish 5.0] [INFO] [NCLS-LOGGING-00010] [javax.enterprise.logging] [tid: _ThreadID=18 _ThreadName=RunLevelControllerThread-1525083576873] [timeMillis: 1525083576991] [levelValue: 800] [[
  Server log file is using Formatter class: com.sun.enterprise.server.logging.ODLLogFormatter]]

[2018-04-30T15:49:37.096+0530] [glassfish 5.0] [INFO] [NCLS-SECURITY-01115] [javax.enterprise.system.core.security] [tid: _ThreadID=17 _ThreadName=RunLevelControllerThread-1525083576872] [timeMillis: 1525083577096] [levelValue: 800] [[
  Realm [admin-realm] of classtype [com.sun.enterprise.security.auth.realm.file.FileRealm] successfully created.]]

[2018-04-30T15:49:37.178+0530] [glassfish 5.0] [INFO] [NCLS-SECURITY-01115] [javax.enterprise.system.core.security] [tid: _ThreadID=17 _ThreadName=RunLevelControllerThread-1525083576872] [timeMillis: 1525083577178] [levelValue: 800] [[
  Realm [file] of classtype [com.sun.enterprise.security.auth.realm.file.FileRealm] successfully created.]]

[2018-04-30T15:49:37.182+0530] [glassfish 5.0] [INFO] [NCLS-SECURITY-01115] [javax.enterprise.system.core.security] [tid: _ThreadID=17 _ThreadName=RunLevelControllerThread-1525083576872] [timeMillis: 1525083577182] [levelValue: 800] [[
  Realm [certificate] of classtype [com.sun.enterprise.security.auth.realm.certificate.CertificateRealm] successfully created.]]

[2018-04-30T15:49:37.318+0530] [glassfish 5.0] [INFO] [] [org.hibernate.validator.internal.util.Version] [tid: _ThreadID=20 _ThreadName=RunLevelControllerThread-1525083576891] [timeMillis: 1525083577318] [levelValue: 800] [[
  HV000001: Hibernate Validator 6.0.2.Final]]

[2018-04-30T15:49:37.324+0530] [glassfish 5.0] [INFO] [SEC-SVCS-00100] [javax.enterprise.security.services] [tid: _ThreadID=18 _ThreadName=RunLevelControllerThread-1525083576873] [timeMillis: 1525083577324] [levelValue: 800] [[
  Authorization Service has successfully initialized.]]

[2018-04-30T15:49:37.481+0530] [glassfish 5.0] [INFO] [] [org.glassfish.ha.store.spi.BackingStoreFactoryRegistry] [tid: _ThreadID=19 _ThreadName=RunLevelControllerThread-1525083576890] [timeMillis: 1525083577481] [levelValue: 800] [[
  Registered org.glassfish.ha.store.adapter.cache.ShoalBackingStoreProxy for persistence-type = replicated in BackingStoreFactoryRegistry]]

[2018-04-30T15:49:37.667+0530] [glassfish 5.0] [INFO] [NCLS-CORE-00087] [javax.enterprise.system.core] [tid: _ThreadID=17 _ThreadName=RunLevelControllerThread-1525083576872] [timeMillis: 1525083577667] [levelValue: 800] [[
  Grizzly Framework 2.4.1 started in: 21ms - bound to [/0.0.0.0:8181]]]

[2018-04-30T15:49:37.680+0530] [glassfish 5.0] [INFO] [NCLS-CORE-00087] [javax.enterprise.system.core] [tid: _ThreadID=17 _ThreadName=RunLevelControllerThread-1525083576872] [timeMillis: 1525083577680] [levelValue: 800] [[
  Grizzly Framework 2.4.1 started in: 3ms - bound to [/0.0.0.0:4848]]]

[2018-04-30T15:49:37.724+0530] [glassfish 5.0] [INFO] [NCLS-CORE-00087] [javax.enterprise.system.core] [tid: _ThreadID=19 _ThreadName=RunLevelControllerThread-1525083576890] [timeMillis: 1525083577724] [levelValue: 800] [[
  Grizzly Framework 2.4.1 started in: 3ms - bound to [/0.0.0.0:3700]]]

[2018-04-30T15:49:37.903+0530] [glassfish 5.0] [INFO] [NCLS-CORE-00017] [javax.enterprise.system.core] [tid: _ThreadID=1 _ThreadName=main] [timeMillis: 1525083577903] [levelValue: 800] [[
  GlassFish Server Open Source Edition  5.0  (25) startup time : Felix (3,914ms), startup services(1,037ms), total(4,951ms)]]

[2018-04-30T15:49:37.903+0530] [glassfish 5.0] [SEVERE] [NCLS-CORE-00019] [javax.enterprise.system.core] [tid: _ThreadID=1 _ThreadName=main] [timeMillis: 1525083577903] [levelValue: 1000] [[
  Shutting down server due to startup exception
java.net.BindException: Address already in use: bind
	at sun.nio.ch.Net.bind0(Native Method)
	at sun.nio.ch.Net.bind(Unknown Source)
	at sun.nio.ch.Net.bind(Unknown Source)
	at sun.nio.ch.ServerSocketChannelImpl.bind(Unknown Source)
	at sun.nio.ch.ServerSocketAdaptor.bind(Unknown Source)
	at org.glassfish.grizzly.nio.transport.TCPNIOBindingHandler.bindToChannelAndAddress(TCPNIOBindingHandler.java:131)
	at org.glassfish.grizzly.nio.transport.TCPNIOBindingHandler.bind(TCPNIOBindingHandler.java:88)
	at org.glassfish.grizzly.nio.transport.TCPNIOTransport.bind(TCPNIOTransport.java:239)
	at org.glassfish.grizzly.nio.transport.TCPNIOTransport.bind(TCPNIOTransport.java:228)
	at org.glassfish.grizzly.nio.transport.TCPNIOTransport.bind(TCPNIOTransport.java:77)
	at org.glassfish.grizzly.config.GenericGrizzlyListener.start(GenericGrizzlyListener.java:186)
	at com.sun.enterprise.v3.services.impl.GlassfishNetworkListener.start(GlassfishNetworkListener.java:108)
	at com.sun.enterprise.v3.services.impl.GrizzlyProxy.start0(GrizzlyProxy.java:267)
	at com.sun.enterprise.v3.services.impl.GrizzlyProxy.start(GrizzlyProxy.java:241)
	at com.sun.enterprise.v3.services.impl.GrizzlyService.createNetworkProxy(GrizzlyService.java:619)
	at com.sun.enterprise.v3.services.impl.GrizzlyService.postConstruct(GrizzlyService.java:542)
	at org.jvnet.hk2.internal.ClazzCreator.postConstructMe(ClazzCreator.java:327)
	at org.jvnet.hk2.internal.ClazzCreator.create(ClazzCreator.java:375)
	at org.jvnet.hk2.internal.SystemDescriptor.create(SystemDescriptor.java:487)
	at org.glassfish.hk2.runlevel.internal.AsyncRunLevelContext.findOrCreate(AsyncRunLevelContext.java:305)
	at org.glassfish.hk2.runlevel.RunLevelContext.findOrCreate(RunLevelContext.java:85)
	at org.jvnet.hk2.internal.Utilities.createService(Utilities.java:2126)
	at org.jvnet.hk2.internal.ServiceHandleImpl.getService(ServiceHandleImpl.java:116)
	at org.jvnet.hk2.internal.ServiceHandleImpl.getService(ServiceHandleImpl.java:90)
	at org.glassfish.hk2.runlevel.internal.CurrentTaskFuture$QueueRunner.oneJob(CurrentTaskFuture.java:1237)
	at org.glassfish.hk2.runlevel.internal.CurrentTaskFuture$QueueRunner.run(CurrentTaskFuture.java:1168)
	at org.glassfish.hk2.runlevel.internal.CurrentTaskFuture$UpOneLevel.run(CurrentTaskFuture.java:786)
	at java.util.concurrent.ThreadPoolExecutor.runWorker(Unknown Source)
	at java.util.concurrent.ThreadPoolExecutor$Worker.run(Unknown Source)
	at java.lang.Thread.run(Unknown Source)
]]

[2018-04-30T15:49:37.966+0530] [glassfish 5.0] [INFO] [NCLS-CORE-00092] [javax.enterprise.system.core] [tid: _ThreadID=59 _ThreadName=Thread-11] [timeMillis: 1525083577966] [levelValue: 800] [[
  Server shutdown initiated]]

[2018-04-30T15:49:37.968+0530] [glassfish 5.0] [INFO] [NCLS-BOOTSTRAP-00027] [javax.enterprise.bootstrap] [tid: _ThreadID=1 _ThreadName=main] [timeMillis: 1525083577968] [levelValue: 800] [[
  Registered com.sun.enterprise.glassfish.bootstrap.osgi.EmbeddedOSGiGlassFishImpl@79d743e6 as OSGi service registration: org.apache.felix.framework.ServiceRegistrationImpl@48535004.]]

[2018-04-30T15:49:38.973+0530] [glassfish 5.0] [INFO] [NCLS-BOOTSTRAP-00028] [javax.enterprise.bootstrap] [tid: _ThreadID=59 _ThreadName=Thread-11] [timeMillis: 1525083578973] [levelValue: 800] [[
  Unregistered com.sun.enterprise.glassfish.bootstrap.osgi.EmbeddedOSGiGlassFishImpl@79d743e6 from service registry.]]

[2018-04-30T15:49:38.974+0530] [glassfish 5.0] [INFO] [] [] [tid: _ThreadID=59 _ThreadName=Thread-8] [timeMillis: 1525083578974] [levelValue: 800] [[
  FileMonitoring shutdown]]

[2018-04-30T15:52:59.501+0530] [] [INFO] [NCLS-GFLAUNCHER-00005] [javax.enterprise.launcher] [tid: _ThreadID=1 _ThreadName=main] [timeMillis: 1525083779501] [levelValue: 800] [[
  JVM invocation command line:
C:\Program Files\Java\jre1.8.0_161\bin\java.exe
-cp
C:/Users/RISHAV/Documents/NetBeansProjects/Applet1/glassfish5/glassfish/modules/glassfish.jar
-XX:+UnlockDiagnosticVMOptions
-XX:NewRatio=2
-XX:MaxPermSize=192m
-Xmx512m
-client
-javaagent:C:/Users/RISHAV/Documents/NetBeansProjects/Applet1/glassfish5/glassfish/lib/monitor/flashlight-agent.jar
-Djavax.xml.accessExternalSchema=all
-Djavax.net.ssl.trustStore=C:\Users\RISHAV\Documents\NetBeansProjects\Applet1\glassfish5\glassfish\domains\domain1/config/cacerts.jks
-Djdk.tls.rejectClientInitiatedRenegotiation=true
-Djdk.corba.allowOutputStreamSubclass=true
-Dfelix.fileinstall.dir=C:\Users\RISHAV\Documents\NetBeansProjects\Applet1\glassfish5\glassfish/modules/autostart/
-Djava.net.preferIPv4Stack=true
-Dorg.glassfish.additionalOSGiBundlesToStart=org.apache.felix.shell,org.apache.felix.gogo.runtime,org.apache.felix.gogo.shell,org.apache.felix.gogo.command,org.apache.felix.shell.remote,org.apache.felix.fileinstall
-Dcom.sun.aas.installRoot=C:\Users\RISHAV\Documents\NetBeansProjects\Applet1\glassfish5\glassfish
-Dfelix.fileinstall.poll=5000
-Djava.endorsed.dirs=C:\Users\RISHAV\Documents\NetBeansProjects\Applet1\glassfish5\glassfish/modules/endorsed;C:\Users\RISHAV\Documents\NetBeansProjects\Applet1\glassfish5\glassfish/lib/endorsed
-Djava.security.policy=C:\Users\RISHAV\Documents\NetBeansProjects\Applet1\glassfish5\glassfish\domains\domain1/config/server.policy
-Dosgi.shell.telnet.maxconn=1
-Dfelix.fileinstall.bundles.startTransient=true
-Dcom.sun.enterprise.config.config_environment_factory_class=com.sun.enterprise.config.serverbeans.AppserverConfigEnvironmentFactory
-Dfelix.fileinstall.log.level=2
-Djavax.net.ssl.keyStore=C:\Users\RISHAV\Documents\NetBeansProjects\Applet1\glassfish5\glassfish\domains\domain1/config/keystore.jks
-Djava.security.auth.login.config=C:\Users\RISHAV\Documents\NetBeansProjects\Applet1\glassfish5\glassfish\domains\domain1/config/login.conf
-Dfelix.fileinstall.disableConfigSave=false
-Dfelix.fileinstall.bundles.new.start=true
-Dcom.sun.aas.instanceRoot=C:\Users\RISHAV\Documents\NetBeansProjects\Applet1\glassfish5\glassfish\domains\domain1
-Dosgi.shell.telnet.port=6666
-Dgosh.args=--nointeractive
-Dcom.sun.enterprise.security.httpsOutboundKeyAlias=s1as
-Dosgi.shell.telnet.ip=127.0.0.1
-DANTLR_USE_DIRECT_CLASS_LOADING=true
-Djava.awt.headless=true
-Dcom.ctc.wstx.returnNullForDefaultNamespace=true
-Djava.ext.dirs=C:\Program Files\Java\jre1.8.0_161/lib/ext;C:\Program Files\Java\jre1.8.0_161/jre/lib/ext;C:\Users\RISHAV\Documents\NetBeansProjects\Applet1\glassfish5\glassfish\domains\domain1/lib/ext
-Djdbc.drivers=org.apache.derby.jdbc.ClientDriver
-Djava.library.path=C:/Users/RISHAV/Documents/NetBeansProjects/Applet1/glassfish5/glassfish/lib;C:/ProgramData/Oracle/Java/javapath;C:/Windows/Sun/Java/bin;C:/Windows/System32;C:/Windows;C:/Program Files (x86)/IntelSWTools/compilers_and_libraries_2018.0.124/windows/mpi/intel64/bin;C:/Program Files (x86)/Common Files/Intel/Shared Libraries/redist/intel64_win/mpirt;C:/Program Files (x86)/Common Files/Intel/Shared Libraries/redist/ia32_win/mpirt;C:/Program Files (x86)/Common Files/Intel/Shared Libraries/redist/intel64_win/compiler;C:/Program Files (x86)/Common Files/Intel/Shared Libraries/redist/ia32_win/compiler;C:/Program Files (x86)/Intel/iCLS Client;C:/Program Files/Intel/iCLS Client;C:/Windows/System32/wbem;C:/Windows/System32/WindowsPowerShell/v1.0;C:/Program Files (x86)/Intel/Intel(R) Management Engine Components/DAL;C:/Program Files/Intel/Intel(R) Management Engine Components/DAL;C:/Program Files (x86)/Intel/Intel(R) Management Engine Components/IPT;C:/Program Files/Intel/Intel(R) Management Engine Components/IPT;C:/Program Files (x86)/NVIDIA Corporation/PhysX/Common;C:/Program Files/Intel/WiFi/bin;C:/Program Files/Common Files/Intel/WirelessCommon;C:/Program Files/MATLAB/R2016a/runtime/win64;C:/Program Files/MATLAB/R2016a/bin;C:/Program Files/MATLAB/R2016a/polyspace/bin;C:/Program Files (x86)/GtkSharp/2.12/bin;C:/Program Files/Git/cmd;C:/Program Files/nodejs;C:/Program Files/PuTTY;C:/Program Files/MySQL/MySQL Utilities 1.6;C:/Users/RISHAV/AppData/Local/Microsoft/WindowsApps;C:/Users/RISHAV/AppData/Local/GitHubDesktop/bin;C:/Users/RISHAV/AppData/Roaming/npm;C:/Users/RISHAV/Documents/NetBeansProjects/Applet1/glassfish5/glassfish/bin/%USERPROFILE%/AppData/Local/Microsoft/WindowsApps;C:/Users/RISHAV/Documents/NetBeansProjects/Applet1/glassfish5/glassfish/bin
com.sun.enterprise.glassfish.bootstrap.ASMain
-upgrade
false
-domaindir
C:/Users/RISHAV/Documents/NetBeansProjects/Applet1/glassfish5/glassfish/domains/domain1
-read-stdin
true
-asadmin-args
--host,,,localhost,,,--port,,,4848,,,--secure=false,,,--terse=false,,,--echo=false,,,--interactive=true,,,start-domain,,,--verbose=true,,,--watchdog=false,,,--debug=false,,,--domaindir,,,C:\Users\RISHAV\Documents\NetBeansProjects\Applet1\glassfish5\glassfish\domains,,,domain1
-domainname
domain1
-instancename
server
-type
DAS
-verbose
true
-asadmin-classpath
C:/Users/RISHAV/Documents/NetBeansProjects/Applet1/glassfish5/glassfish/lib/client/appserver-cli.jar
-debug
false
-asadmin-classname
com.sun.enterprise.admin.cli.AdminMain]]

[2018-04-30T15:53:02.846+0530] [glassfish 5.0] [INFO] [NCLS-LOGGING-00009] [javax.enterprise.logging] [tid: _ThreadID=18 _ThreadName=RunLevelControllerThread-1525083782721] [timeMillis: 1525083782846] [levelValue: 800] [[
  Running GlassFish Version: GlassFish Server Open Source Edition  5.0  (build 25)]]

[2018-04-30T15:53:02.848+0530] [glassfish 5.0] [INFO] [NCLS-LOGGING-00010] [javax.enterprise.logging] [tid: _ThreadID=18 _ThreadName=RunLevelControllerThread-1525083782721] [timeMillis: 1525083782848] [levelValue: 800] [[
  Server log file is using Formatter class: com.sun.enterprise.server.logging.ODLLogFormatter]]

[2018-04-30T15:53:02.946+0530] [glassfish 5.0] [INFO] [NCLS-SECURITY-01115] [javax.enterprise.system.core.security] [tid: _ThreadID=17 _ThreadName=RunLevelControllerThread-1525083782719] [timeMillis: 1525083782946] [levelValue: 800] [[
  Realm [admin-realm] of classtype [com.sun.enterprise.security.auth.realm.file.FileRealm] successfully created.]]

[2018-04-30T15:53:02.960+0530] [glassfish 5.0] [INFO] [NCLS-SECURITY-01115] [javax.enterprise.system.core.security] [tid: _ThreadID=17 _ThreadName=RunLevelControllerThread-1525083782719] [timeMillis: 1525083782960] [levelValue: 800] [[
  Realm [file] of classtype [com.sun.enterprise.security.auth.realm.file.FileRealm] successfully created.]]

[2018-04-30T15:53:02.967+0530] [glassfish 5.0] [INFO] [NCLS-SECURITY-01115] [javax.enterprise.system.core.security] [tid: _ThreadID=17 _ThreadName=RunLevelControllerThread-1525083782719] [timeMillis: 1525083782967] [levelValue: 800] [[
  Realm [certificate] of classtype [com.sun.enterprise.security.auth.realm.certificate.CertificateRealm] successfully created.]]

[2018-04-30T15:53:03.063+0530] [glassfish 5.0] [INFO] [] [org.hibernate.validator.internal.util.Version] [tid: _ThreadID=18 _ThreadName=RunLevelControllerThread-1525083782721] [timeMillis: 1525083783063] [levelValue: 800] [[
  HV000001: Hibernate Validator 6.0.2.Final]]

[2018-04-30T15:53:03.095+0530] [glassfish 5.0] [INFO] [SEC-SVCS-00100] [javax.enterprise.security.services] [tid: _ThreadID=20 _ThreadName=RunLevelControllerThread-1525083782727] [timeMillis: 1525083783095] [levelValue: 800] [[
  Authorization Service has successfully initialized.]]

[2018-04-30T15:53:03.256+0530] [glassfish 5.0] [INFO] [] [org.glassfish.ha.store.spi.BackingStoreFactoryRegistry] [tid: _ThreadID=19 _ThreadName=RunLevelControllerThread-1525083782727] [timeMillis: 1525083783256] [levelValue: 800] [[
  Registered org.glassfish.ha.store.adapter.cache.ShoalBackingStoreProxy for persistence-type = replicated in BackingStoreFactoryRegistry]]

[2018-04-30T15:53:03.392+0530] [glassfish 5.0] [INFO] [NCLS-CORE-00087] [javax.enterprise.system.core] [tid: _ThreadID=17 _ThreadName=RunLevelControllerThread-1525083782719] [timeMillis: 1525083783392] [levelValue: 800] [[
  Grizzly Framework 2.4.1 started in: 80ms - bound to [/0.0.0.0:5555]]]

[2018-04-30T15:53:03.415+0530] [glassfish 5.0] [INFO] [NCLS-CORE-00087] [javax.enterprise.system.core] [tid: _ThreadID=17 _ThreadName=RunLevelControllerThread-1525083782719] [timeMillis: 1525083783415] [levelValue: 800] [[
  Grizzly Framework 2.4.1 started in: 2ms - bound to [/0.0.0.0:8181]]]

[2018-04-30T15:53:03.421+0530] [glassfish 5.0] [INFO] [NCLS-CORE-00087] [javax.enterprise.system.core] [tid: _ThreadID=17 _ThreadName=RunLevelControllerThread-1525083782719] [timeMillis: 1525083783421] [levelValue: 800] [[
  Grizzly Framework 2.4.1 started in: 1ms - bound to [/0.0.0.0:4848]]]

[2018-04-30T15:53:03.459+0530] [glassfish 5.0] [INFO] [NCLS-CORE-00087] [javax.enterprise.system.core] [tid: _ThreadID=19 _ThreadName=RunLevelControllerThread-1525083782727] [timeMillis: 1525083783459] [levelValue: 800] [[
  Grizzly Framework 2.4.1 started in: 2ms - bound to [/0.0.0.0:3700]]]

[2018-04-30T15:53:03.579+0530] [glassfish 5.0] [INFO] [NCLS-CORE-00017] [javax.enterprise.system.core] [tid: _ThreadID=1 _ThreadName=main] [timeMillis: 1525083783579] [levelValue: 800] [[
  GlassFish Server Open Source Edition  5.0  (25) startup time : Felix (2,835ms), startup services(869ms), total(3,704ms)]]

[2018-04-30T15:53:03.951+0530] [glassfish 5.0] [INFO] [jts.startup_msg] [javax.enterprise.system.core.transaction.com.sun.jts.CosTransactions] [tid: _ThreadID=19 _ThreadName=RunLevelControllerThread-1525083782727] [timeMillis: 1525083783951] [levelValue: 800] [[
  JTS5014: Recoverable JTS instance, serverId = [100]]]

[2018-04-30T15:53:04.721+0530] [glassfish 5.0] [INFO] [NCLS-CORE-00087] [javax.enterprise.system.core] [tid: _ThreadID=18 _ThreadName=RunLevelControllerThread-1525083782721] [timeMillis: 1525083784721] [levelValue: 800] [[
  Grizzly Framework 2.4.1 started in: 2ms - bound to [/0.0.0.0:7676]]]

[2018-04-30T15:53:04.769+0530] [glassfish 5.0] [INFO] [NCLS-JMX-00005] [javax.enterprise.system.jmx] [tid: _ThreadID=61 _ThreadName=Thread-12] [timeMillis: 1525083784769] [levelValue: 800] [[
  JMXStartupService has started JMXConnector on JMXService URL service:jmx:rmi://DESKTOP-35ALQKA:8686/jndi/rmi://DESKTOP-35ALQKA:8686/jmxrmi]]

[2018-04-30T15:53:04.917+0530] [glassfish 5.0] [INFO] [NCLS-BOOTSTRAP-00027] [javax.enterprise.bootstrap] [tid: _ThreadID=1 _ThreadName=main] [timeMillis: 1525083784917] [levelValue: 800] [[
  Registered com.sun.enterprise.glassfish.bootstrap.osgi.EmbeddedOSGiGlassFishImpl@1f52eb6f as OSGi service registration: org.apache.felix.framework.ServiceRegistrationImpl@44cb460e.]]

[2018-04-30T16:06:42.264+0530] [glassfish 5.0] [INFO] [] [javax.enterprise.system.tools.deployment.common] [tid: _ThreadID=43 _ThreadName=admin-listener(2)] [timeMillis: 1525084602264] [levelValue: 800] [[
  visiting unvisited references]]

[2018-04-30T16:06:43.457+0530] [glassfish 5.0] [INFO] [NCLS-SECURITY-01002] [javax.enterprise.system.core.security] [tid: _ThreadID=43 _ThreadName=admin-listener(2)] [timeMillis: 1525084603457] [levelValue: 800] [[
  Java security manager is disabled.]]

[2018-04-30T16:06:43.457+0530] [glassfish 5.0] [INFO] [NCLS-SECURITY-01010] [javax.enterprise.system.core.security] [tid: _ThreadID=43 _ThreadName=admin-listener(2)] [timeMillis: 1525084603457] [levelValue: 800] [[
  Entering Security Startup Service.]]

[2018-04-30T16:06:43.459+0530] [glassfish 5.0] [INFO] [NCLS-SECURITY-01143] [javax.enterprise.system.core.security] [tid: _ThreadID=43 _ThreadName=admin-listener(2)] [timeMillis: 1525084603459] [levelValue: 800] [[
  Loading policy provider com.sun.enterprise.security.provider.PolicyWrapper.]]

[2018-04-30T16:06:43.498+0530] [glassfish 5.0] [INFO] [NCLS-SECURITY-01011] [javax.enterprise.system.core.security] [tid: _ThreadID=43 _ThreadName=admin-listener(2)] [timeMillis: 1525084603498] [levelValue: 800] [[
  Security Service(s) started successfully.]]

[2018-04-30T16:06:44.129+0530] [glassfish 5.0] [INFO] [AS-WEB-GLUE-00198] [javax.enterprise.web] [tid: _ThreadID=43 _ThreadName=admin-listener(2)] [timeMillis: 1525084604129] [levelValue: 800] [[
  Created HTTP listener http-listener-1 on host/port 0.0.0.0:5555]]

[2018-04-30T16:06:44.140+0530] [glassfish 5.0] [INFO] [AS-WEB-GLUE-00198] [javax.enterprise.web] [tid: _ThreadID=43 _ThreadName=admin-listener(2)] [timeMillis: 1525084604140] [levelValue: 800] [[
  Created HTTP listener http-listener-2 on host/port 0.0.0.0:8181]]

[2018-04-30T16:06:44.142+0530] [glassfish 5.0] [INFO] [AS-WEB-GLUE-00198] [javax.enterprise.web] [tid: _ThreadID=43 _ThreadName=admin-listener(2)] [timeMillis: 1525084604142] [levelValue: 800] [[
  Created HTTP listener admin-listener on host/port 0.0.0.0:4848]]

[2018-04-30T16:06:44.178+0530] [glassfish 5.0] [INFO] [AS-WEB-GLUE-00200] [javax.enterprise.web] [tid: _ThreadID=43 _ThreadName=admin-listener(2)] [timeMillis: 1525084604178] [levelValue: 800] [[
  Created virtual server server]]

[2018-04-30T16:06:44.184+0530] [glassfish 5.0] [INFO] [AS-WEB-GLUE-00200] [javax.enterprise.web] [tid: _ThreadID=43 _ThreadName=admin-listener(2)] [timeMillis: 1525084604184] [levelValue: 800] [[
  Created virtual server __asadmin]]

[2018-04-30T16:06:44.554+0530] [glassfish 5.0] [INFO] [AS-WEB-CORE-00306] [javax.enterprise.web.core] [tid: _ThreadID=43 _ThreadName=admin-listener(2)] [timeMillis: 1525084604554] [levelValue: 800] [[
  Setting JAAS app name glassfish-web]]

[2018-04-30T16:06:44.555+0530] [glassfish 5.0] [INFO] [AS-WEB-GLUE-00201] [javax.enterprise.web] [tid: _ThreadID=43 _ThreadName=admin-listener(2)] [timeMillis: 1525084604555] [levelValue: 800] [[
  Virtual server server loaded default web module ]]

[2018-04-30T16:06:45.320+0530] [glassfish 5.0] [INFO] [] [javax.enterprise.system.tools.deployment.common] [tid: _ThreadID=43 _ThreadName=admin-listener(2)] [timeMillis: 1525084605320] [levelValue: 800] [[
  visiting unvisited references]]

[2018-04-30T16:06:45.326+0530] [glassfish 5.0] [INFO] [] [javax.enterprise.system.tools.deployment.common] [tid: _ThreadID=43 _ThreadName=admin-listener(2)] [timeMillis: 1525084605326] [levelValue: 800] [[
  visiting unvisited references]]

[2018-04-30T16:06:45.328+0530] [glassfish 5.0] [INFO] [] [javax.enterprise.system.tools.deployment.common] [tid: _ThreadID=43 _ThreadName=admin-listener(2)] [timeMillis: 1525084605328] [levelValue: 800] [[
  visiting unvisited references]]

[2018-04-30T16:06:45.840+0530] [glassfish 5.0] [INFO] [AS-WEB-GLUE-00172] [javax.enterprise.web] [tid: _ThreadID=43 _ThreadName=admin-listener(2)] [timeMillis: 1525084605840] [levelValue: 800] [[
  Loading application [WebApplication1] at [/WebApplication1]]]

[2018-04-30T16:06:45.923+0530] [glassfish 5.0] [INFO] [] [javax.enterprise.system.core] [tid: _ThreadID=43 _ThreadName=admin-listener(2)] [timeMillis: 1525084605923] [levelValue: 800] [[
  WebApplication1 was successfully deployed in 3,849 milliseconds.]]

[2018-04-30T16:08:57.843+0530] [glassfish 5.0] [INFO] [] [javax.enterprise.system.tools.deployment.common] [tid: _ThreadID=44 _ThreadName=admin-listener(3)] [timeMillis: 1525084737843] [levelValue: 800] [[
  visiting unvisited references]]

[2018-04-30T16:08:57.900+0530] [glassfish 5.0] [INFO] [] [javax.enterprise.system.tools.deployment.common] [tid: _ThreadID=44 _ThreadName=admin-listener(3)] [timeMillis: 1525084737900] [levelValue: 800] [[
  visiting unvisited references]]

[2018-04-30T16:08:57.904+0530] [glassfish 5.0] [INFO] [] [javax.enterprise.system.tools.deployment.common] [tid: _ThreadID=44 _ThreadName=admin-listener(3)] [timeMillis: 1525084737904] [levelValue: 800] [[
  visiting unvisited references]]

[2018-04-30T16:08:57.905+0530] [glassfish 5.0] [INFO] [] [javax.enterprise.system.tools.deployment.common] [tid: _ThreadID=44 _ThreadName=admin-listener(3)] [timeMillis: 1525084737905] [levelValue: 800] [[
  visiting unvisited references]]

[2018-04-30T16:08:58.032+0530] [glassfish 5.0] [INFO] [AS-WEB-GLUE-00172] [javax.enterprise.web] [tid: _ThreadID=44 _ThreadName=admin-listener(3)] [timeMillis: 1525084738032] [levelValue: 800] [[
  Loading application [WebApplication1] at [/WebApplication1]]]

[2018-04-30T16:08:58.074+0530] [glassfish 5.0] [INFO] [] [javax.enterprise.system.core] [tid: _ThreadID=44 _ThreadName=admin-listener(3)] [timeMillis: 1525084738074] [levelValue: 800] [[
  WebApplication1 was successfully deployed in 246 milliseconds.]]

